<?xml version="1.0" encoding="UTF-8"?>
<!-- Generated by org.testng.reporters.JUnitXMLReporter -->
<testsuite ignored="0" hostname="C100-96s-iMac.local" failures="0" tests="10" name="Negative test cases" time="829.022" errors="0" timestamp="2023-08-18T15:16:17 IST">
  <testcase classname="swimGDSAutomation.NegativeTC.NegativeRegisterTest" name="ClickOnNext_withoutAddingDetails_Accountinfo" time="16.653"/>
  <testcase classname="swimGDSAutomation.NegativeTC.NegativeRegisterTest" name="Enter_AI_BlankSpace" time="25.056"/>
  <testcase classname="swimGDSAutomation.NegativeTC.NegativeRegisterTest" name="Enter_AI_invalidstate" time="16.919"/>
  <testcase classname="swimGDSAutomation.NegativeTC.NegativeRegisterTest" name="Enter_MU_invalidEmailAddress" time="23.773"/>
  <testcase classname="swimGDSAutomation.NegativeTC.NegativeRegisterTest" name="ClickOnNext_withoutAddingDetails_Master" time="23.653"/>
  <testcase classname="swimGDSAutomation.NegativeTC.NegativeRegisterTest" name="Blankspace_Master" time="27.927"/>
  <testcase classname="swimGDSAutomation.NegativeTC.NegativeRegisterTest" name="Skip_AuthorizeUserDetails" time="28.225"/>
  <testcase classname="swimGDSAutomation.NegativeTC.NegativeRegisterTest" name="BlankSpace_AuthorizeUserDetails" time="29.16"/>
  <testcase classname="swimGDSAutomation.NegativeTC.NegativeRegisterTest" name="BlankSpace_BillingInfo" time="28.464"/>
  <testcase classname="swimGDSAutomation.NegativeTC.NegativeRegisterTest" name="Verify_TermsAndConditions" time="32.017"/>
</testsuite> <!-- Negative test cases -->
