<?xml version="1.0" encoding="UTF-8"?>
<!-- Generated by org.testng.reporters.JUnitXMLReporter -->
<testsuite ignored="0" hostname="C100-96s-iMac.local" failures="0" tests="4" name="Positive Test cases" time="350.959" errors="0" timestamp="2023-09-10T23:16:51 IST">
  <testcase classname="swimGDSAutomation.PositiveTC.ManageTEUSlotsTest" name="ClickOnManageTEUSlotsMenu" time="19.192"/>
  <testcase classname="swimGDSAutomation.PositiveTC.ManageTEUSlotsTest" name="ClickOnCSVUploadSlotSubmenu" time="22.374"/>
  <testcase classname="swimGDSAutomation.PositiveTC.ManageTEUSlotsTest" name="ClickOnCSVListSlotSubmenu" time="21.597"/>
  <testcase classname="swimGDSAutomation.PositiveTC.ManageTEUSlotsTest" name="ClickOnInventoryUpdateSubmenu" time="20.287"/>
</testsuite> <!-- Positive Test cases -->
