# JRE version: OpenJDK Runtime Environment Temurin-17.0.10+7 (17.0.10+7) (build 17.0.10+7)
# Java VM: OpenJDK 64-Bit Server VM Temurin-17.0.10+7 (17.0.10+7, mixed mode, tiered, compressed oops, compressed class ptrs, g1 gc, windows-amd64)
GC Precious Log:
 CPUs: 2 total, 2 available
 Memory: 16280M
 Large Page Support: Disabled
 NUMA Support: Disabled
 Compressed Oops: Enabled (Zero based)
 Heap Region Size: 2M
 Heap Min Capacity: 8M
 Heap Initial Capacity: 256M
 Heap Max Capacity: 4072M
 Pre-touch: Disabled
 Parallel Workers: 2
 Concurrent Workers: 1
 Concurrent Refinement Workers: 2
 Periodic GC: Disabled
Heap:
 garbage-first heap   total 75776K, used 32936K [0x0000000701800000, 0x0000000800000000)
  region size 2048K, 2 young (4096K), 1 survivors (2048K)
 Metaspace       used 37448K, committed 37760K, reserved 1114112K
  class space    used 3811K, committed 3968K, reserved 1048576K
GC Heap History (20 events):
Event: 5163.120 GC heap before
{Heap before GC invocations=61 (full 0):
 garbage-first heap   total 75776K, used 60652K [0x0000000701800000, 0x0000000800000000)
  region size 2048K, 18 young (36864K), 2 survivors (4096K)
 Metaspace       used 37209K, committed 37568K, reserved 1114112K
  class space    used 3802K, committed 3968K, reserved 1048576K
}
Event: 5163.125 GC heap after
{Heap after GC invocations=62 (full 0):
 garbage-first heap   total 75776K, used 29141K [0x0000000701800000, 0x0000000800000000)
  region size 2048K, 2 young (4096K), 2 survivors (4096K)
 Metaspace       used 37209K, committed 37568K, reserved 1114112K
  class space    used 3802K, committed 3968K, reserved 1048576K
}
Event: 5232.846 GC heap before
{Heap before GC invocations=62 (full 0):
 garbage-first heap   total 75776K, used 57813K [0x0000000701800000, 0x0000000800000000)
  region size 2048K, 17 young (34816K), 2 survivors (4096K)
 Metaspace       used 37232K, committed 37568K, reserved 1114112K
  class space    used 3803K, committed 3968K, reserved 1048576K
}
Event: 5232.853 GC heap after
{Heap after GC invocations=63 (full 0):
 garbage-first heap   total 75776K, used 29847K [0x0000000701800000, 0x0000000800000000)
  region size 2048K, 2 young (4096K), 2 survivors (4096K)
 Metaspace       used 37232K, committed 37568K, reserved 1114112K
  class space    used 3803K, committed 3968K, reserved 1048576K
}
Event: 5335.017 GC heap before
{Heap before GC invocations=63 (full 0):
 garbage-first heap   total 75776K, used 58519K [0x0000000701800000, 0x0000000800000000)
  region size 2048K, 17 young (34816K), 2 survivors (4096K)
 Metaspace       used 37235K, committed 37568K, reserved 1114112K
  class space    used 3803K, committed 3968K, reserved 1048576K
}
Event: 5335.021 GC heap after
{Heap after GC invocations=64 (full 0):
 garbage-first heap   total 75776K, used 30497K [0x0000000701800000, 0x0000000800000000)
  region size 2048K, 2 young (4096K), 2 survivors (4096K)
 Metaspace       used 37235K, committed 37568K, reserved 1114112K
  class space    used 3803K, committed 3968K, reserved 1048576K
}
Event: 5406.609 GC heap before
{Heap before GC invocations=64 (full 0):
 garbage-first heap   total 75776K, used 59169K [0x0000000701800000, 0x0000000800000000)
  region size 2048K, 17 young (34816K), 2 survivors (4096K)
 Metaspace       used 37241K, committed 37568K, reserved 1114112K
  class space    used 3803K, committed 3968K, reserved 1048576K
}
Event: 5406.612 GC heap after
{Heap after GC invocations=65 (full 0):
 garbage-first heap   total 75776K, used 30043K [0x0000000701800000, 0x0000000800000000)
  region size 2048K, 2 young (4096K), 2 survivors (4096K)
 Metaspace       used 37241K, committed 37568K, reserved 1114112K
  class space    used 3803K, committed 3968K, reserved 1048576K
}
Event: 5492.020 GC heap before
{Heap before GC invocations=65 (full 0):
 garbage-first heap   total 75776K, used 58715K [0x0000000701800000, 0x0000000800000000)
  region size 2048K, 17 young (34816K), 2 survivors (4096K)
 Metaspace       used 37260K, committed 37632K, reserved 1114112K
  class space    used 3803K, committed 3968K, reserved 1048576K
}
Event: 5492.024 GC heap after
{Heap after GC invocations=66 (full 0):
 garbage-first heap   total 75776K, used 30273K [0x0000000701800000, 0x0000000800000000)
  region size 2048K, 2 young (4096K), 2 survivors (4096K)
 Metaspace       used 37260K, committed 37632K, reserved 1114112K
  class space    used 3803K, committed 3968K, reserved 1048576K
}
Event: 5548.947 GC heap before
{Heap before GC invocations=66 (full 0):
 garbage-first heap   total 75776K, used 58945K [0x0000000701800000, 0x0000000800000000)
  region size 2048K, 17 young (34816K), 2 survivors (4096K)
 Metaspace       used 37276K, committed 37632K, reserved 1114112K
  class space    used 3803K, committed 3968K, reserved 1048576K
}
Event: 5548.955 GC heap after
{Heap after GC invocations=67 (full 0):
 garbage-first heap   total 75776K, used 31701K [0x0000000701800000, 0x0000000800000000)
  region size 2048K, 3 young (6144K), 3 survivors (6144K)
 Metaspace       used 37276K, committed 37632K, reserved 1114112K
  class space    used 3803K, committed 3968K, reserved 1048576K
}
Event: 5615.118 GC heap before
{Heap before GC invocations=67 (full 0):
 garbage-first heap   total 75776K, used 56277K [0x0000000701800000, 0x0000000800000000)
  region size 2048K, 16 young (32768K), 3 survivors (6144K)
 Metaspace       used 37311K, committed 37632K, reserved 1114112K
  class space    used 3807K, committed 3968K, reserved 1048576K
}
Event: 5615.125 GC heap after
{Heap after GC invocations=68 (full 0):
 garbage-first heap   total 75776K, used 32568K [0x0000000701800000, 0x0000000800000000)
  region size 2048K, 2 young (4096K), 2 survivors (4096K)
 Metaspace       used 37311K, committed 37632K, reserved 1114112K
  class space    used 3807K, committed 3968K, reserved 1048576K
}
Event: 5775.427 GC heap before
{Heap before GC invocations=68 (full 0):
 garbage-first heap   total 75776K, used 59192K [0x0000000701800000, 0x0000000800000000)
  region size 2048K, 16 young (32768K), 2 survivors (4096K)
 Metaspace       used 37391K, committed 37760K, reserved 1114112K
  class space    used 3808K, committed 3968K, reserved 1048576K
}
Event: 5775.431 GC heap after
{Heap after GC invocations=69 (full 0):
 garbage-first heap   total 75776K, used 33241K [0x0000000701800000, 0x0000000800000000)
  region size 2048K, 2 young (4096K), 2 survivors (4096K)
 Metaspace       used 37391K, committed 37760K, reserved 1114112K
  class space    used 3808K, committed 3968K, reserved 1048576K
}
Event: 6249.732 GC heap before
{Heap before GC invocations=69 (full 0):
 garbage-first heap   total 75776K, used 59865K [0x0000000701800000, 0x0000000800000000)
  region size 2048K, 15 young (30720K), 2 survivors (4096K)
 Metaspace       used 37425K, committed 37760K, reserved 1114112K
  class space    used 3811K, committed 3968K, reserved 1048576K
}
Event: 6249.735 GC heap after
{Heap after GC invocations=70 (full 0):
 garbage-first heap   total 75776K, used 32930K [0x0000000701800000, 0x0000000800000000)
  region size 2048K, 1 young (2048K), 1 survivors (2048K)
 Metaspace       used 37425K, committed 37760K, reserved 1114112K
  class space    used 3811K, committed 3968K, reserved 1048576K
}
Event: 6313.898 GC heap before
{Heap before GC invocations=70 (full 0):
 garbage-first heap   total 75776K, used 61602K [0x0000000701800000, 0x0000000800000000)
  region size 2048K, 15 young (30720K), 1 survivors (2048K)
 Metaspace       used 37448K, committed 37760K, reserved 1114112K
  class space    used 3811K, committed 3968K, reserved 1048576K
}
Event: 6313.901 GC heap after
{Heap after GC invocations=71 (full 0):
 garbage-first heap   total 75776K, used 32936K [0x0000000701800000, 0x0000000800000000)
  region size 2048K, 1 young (2048K), 1 survivors (2048K)
 Metaspace       used 37448K, committed 37760K, reserved 1114112K
  class space    used 3811K, committed 3968K, reserved 1048576K
}

