<?xml version="1.0" encoding="UTF-8"?>
<!-- Generated by org.testng.reporters.JUnitXMLReporter -->
<testsuite ignored="0" hostname="C100-96s-iMac.local" failures="0" tests="5" name="Positive Test cases" time="214.077" errors="0" timestamp="2023-10-17T11:14:43 IST">
  <testcase classname="swimGDSAutomation.PositiveTC.StandardDocumentsTest" name="ClickOnUploadTermsNConditionsSubmenu" time="8.434"/>
  <testcase classname="swimGDSAutomation.PositiveTC.StandardDocumentsTest" name="EnterTheVersionNumberInField" time="8.699"/>
  <testcase classname="swimGDSAutomation.PositiveTC.StandardDocumentsTest" name="ClickEffectiveDateField" time="8.873"/>
  <testcase classname="swimGDSAutomation.PositiveTC.StandardDocumentsTest" name="SelectEffectiveDateFromTheCalender" time="12.534"/>
  <testcase classname="swimGDSAutomation.PositiveTC.StandardDocumentsTest" name="ClickOnSelctFileToUploadField" time="16.133"/>
</testsuite> <!-- Positive Test cases -->
