<?xml version="1.0" encoding="UTF-8"?>
<!-- Generated by org.testng.reporters.JUnitXMLReporter -->
<testsuite ignored="2" hostname="C100-96s-iMac.local" failures="0" tests="1" name="Default test" time="339.476" errors="0" timestamp="2023-09-06T11:47:51 IST">
  <testcase classname="swimGDSAutomation.PositiveTC.UserManualTest" name="ViewUserManualGuide" time="170.19"/>
  <testcase classname="swimGDSAutomation.PositiveTC.UserManualTest" name="ClickOnUserManualMenuAndLogout" time="0.0">
    <ignored/>
  </testcase> <!-- ClickOnUserManualMenuAndLogout -->
  <testcase classname="swimGDSAutomation.PositiveTC.UserManualTest" name="ClickOnUserManualButton" time="0.0">
    <ignored/>
  </testcase> <!-- ClickOnUserManualButton -->
</testsuite> <!-- Default test -->
