<?xml version="1.0" encoding="UTF-8"?>
<!-- Generated by org.testng.reporters.JUnitXMLReporter -->
<testsuite ignored="34" hostname="C100-96s-iMac.local" failures="1" tests="1" name="Default test" time="51.323" errors="0" timestamp="2023-12-12T11:34:14 IST">
  <testcase classname="swimGDSAutomation.PositiveTC.ManageVoyageTest" name="ClickOnAscDescArrow" time="20.98">
    <failure type="org.openqa.selenium.NoSuchElementException" message="no such element: Unable to locate element: {&amp;quot;method&amp;quot;:&amp;quot;xpath&amp;quot;,&amp;quot;selector&amp;quot;:&amp;quot;//*[@class=&amp;apos;swm-caret-up sorting active&amp;apos;]&amp;quot;}
  (Session info: chrome=120.0.6099.71)
For documentation on this error, please visit: https://www.selenium.dev/documentation/webdriver/troubleshooting/errors#no-such-element-exception
Build info: version: &amp;apos;4.11.0&amp;apos;, revision: &amp;apos;040bc5406b&amp;apos;
System info: os.name: &amp;apos;Mac OS X&amp;apos;, os.arch: &amp;apos;x86_64&amp;apos;, os.version: &amp;apos;10.16&amp;apos;, java.version: &amp;apos;15.0.1&amp;apos;
Driver info: org.openqa.selenium.chrome.ChromeDriver
Command: [5987dcbed93a397019807e1d82c7ddc6, findElement {using=xpath, value=//*[@class=&amp;apos;swm-caret-up sorting active&amp;apos;]}]
Capabilities {acceptInsecureCerts: false, browserName: chrome, browserVersion: 120.0.6099.71, chrome: {chromedriverVersion: 120.0.6099.71 (9729082fe617..., userDataDir: /var/folders/qp/wg7rvws16w7...}, fedcm:accounts: true, goog:chromeOptions: {debuggerAddress: localhost:51921}, networkConnectionEnabled: false, pageLoadStrategy: normal, platformName: mac, proxy: Proxy(), se:cdp: ws://localhost:51921/devtoo..., se:cdpVersion: 120.0.6099.71, setWindowRect: true, strictFileInteractability: false, timeouts: {implicit: 0, pageLoad: 300000, script: 30000}, unhandledPromptBehavior: dismiss and notify, webauthn:extension:credBlob: true, webauthn:extension:largeBlob: true, webauthn:extension:minPinLength: true, webauthn:extension:prf: true, webauthn:virtualAuthenticators: true}
Session ID: 5987dcbed93a397019807e1d82c7ddc6">
      <![CDATA[org.openqa.selenium.NoSuchElementException: no such element: Unable to locate element: {"method":"xpath","selector":"//*[@class='swm-caret-up sorting active']"}
  (Session info: chrome=120.0.6099.71)
For documentation on this error, please visit: https://www.selenium.dev/documentation/webdriver/troubleshooting/errors#no-such-element-exception
Build info: version: '4.11.0', revision: '040bc5406b'
System info: os.name: 'Mac OS X', os.arch: 'x86_64', os.version: '10.16', java.version: '15.0.1'
Driver info: org.openqa.selenium.chrome.ChromeDriver
Command: [5987dcbed93a397019807e1d82c7ddc6, findElement {using=xpath, value=//*[@class='swm-caret-up sorting active']}]
Capabilities {acceptInsecureCerts: false, browserName: chrome, browserVersion: 120.0.6099.71, chrome: {chromedriverVersion: 120.0.6099.71 (9729082fe617..., userDataDir: /var/folders/qp/wg7rvws16w7...}, fedcm:accounts: true, goog:chromeOptions: {debuggerAddress: localhost:51921}, networkConnectionEnabled: false, pageLoadStrategy: normal, platformName: mac, proxy: Proxy(), se:cdp: ws://localhost:51921/devtoo..., se:cdpVersion: 120.0.6099.71, setWindowRect: true, strictFileInteractability: false, timeouts: {implicit: 0, pageLoad: 300000, script: 30000}, unhandledPromptBehavior: dismiss and notify, webauthn:extension:credBlob: true, webauthn:extension:largeBlob: true, webauthn:extension:minPinLength: true, webauthn:extension:prf: true, webauthn:virtualAuthenticators: true}
Session ID: 5987dcbed93a397019807e1d82c7ddc6
at java.base/jdk.internal.reflect.NativeConstructorAccessorImpl.newInstance0(Native Method)
at java.base/jdk.internal.reflect.NativeConstructorAccessorImpl.newInstance(NativeConstructorAccessorImpl.java:64)
at java.base/jdk.internal.reflect.DelegatingConstructorAccessorImpl.newInstance(DelegatingConstructorAccessorImpl.java:45)
at java.base/java.lang.reflect.Constructor.newInstanceWithCaller(Constructor.java:500)
at java.base/java.lang.reflect.Constructor.newInstance(Constructor.java:481)
at org.openqa.selenium.remote.codec.w3c.W3CHttpResponseCodec.createException(W3CHttpResponseCodec.java:200)
at org.openqa.selenium.remote.codec.w3c.W3CHttpResponseCodec.decode(W3CHttpResponseCodec.java:133)
at org.openqa.selenium.remote.codec.w3c.W3CHttpResponseCodec.decode(W3CHttpResponseCodec.java:52)
at org.openqa.selenium.remote.HttpCommandExecutor.execute(HttpCommandExecutor.java:191)
at org.openqa.selenium.remote.service.DriverCommandExecutor.invokeExecute(DriverCommandExecutor.java:196)
at org.openqa.selenium.remote.service.DriverCommandExecutor.execute(DriverCommandExecutor.java:171)
at org.openqa.selenium.remote.RemoteWebDriver.execute(RemoteWebDriver.java:518)
at org.openqa.selenium.remote.ElementLocation$ElementFinder$2.findElement(ElementLocation.java:165)
at org.openqa.selenium.remote.ElementLocation.findElement(ElementLocation.java:59)
at org.openqa.selenium.remote.RemoteWebDriver.findElement(RemoteWebDriver.java:355)
at org.openqa.selenium.remote.RemoteWebDriver.findElement(RemoteWebDriver.java:349)
at org.openqa.selenium.support.pagefactory.DefaultElementLocator.findElement(DefaultElementLocator.java:68)
at org.openqa.selenium.support.pagefactory.internal.LocatingElementHandler.invoke(LocatingElementHandler.java:38)
at com.sun.proxy.$Proxy16.click(Unknown Source)
at swimGDSAutomation.pageclass.ManageVoyagePage.Click_Descarrow(ManageVoyagePage.java:114)
at swimGDSAutomation.PositiveTC.ManageVoyageTest.ClickOnAscDescArrow(ManageVoyageTest.java:165)
at java.base/jdk.internal.reflect.NativeMethodAccessorImpl.invoke0(Native Method)
at java.base/jdk.internal.reflect.NativeMethodAccessorImpl.invoke(NativeMethodAccessorImpl.java:64)
at java.base/jdk.internal.reflect.DelegatingMethodAccessorImpl.invoke(DelegatingMethodAccessorImpl.java:43)
at java.base/java.lang.reflect.Method.invoke(Method.java:564)
at org.testng.internal.invokers.MethodInvocationHelper.invokeMethod(MethodInvocationHelper.java:139)
at org.testng.internal.invokers.TestInvoker.invokeMethod(TestInvoker.java:677)
at org.testng.internal.invokers.TestInvoker.invokeTestMethod(TestInvoker.java:221)
at org.testng.internal.invokers.MethodRunner.runInSequence(MethodRunner.java:50)
at org.testng.internal.invokers.TestInvoker$MethodInvocationAgent.invoke(TestInvoker.java:969)
at org.testng.internal.invokers.TestInvoker.invokeTestMethods(TestInvoker.java:194)
at org.testng.internal.invokers.TestMethodWorker.invokeTestMethods(TestMethodWorker.java:148)
at org.testng.internal.invokers.TestMethodWorker.run(TestMethodWorker.java:128)
at java.base/java.util.ArrayList.forEach(ArrayList.java:1511)
at org.testng.TestRunner.privateRun(TestRunner.java:829)
at org.testng.TestRunner.run(TestRunner.java:602)
at org.testng.SuiteRunner.runTest(SuiteRunner.java:437)
at org.testng.SuiteRunner.runSequentially(SuiteRunner.java:431)
at org.testng.SuiteRunner.privateRun(SuiteRunner.java:391)
at org.testng.SuiteRunner.run(SuiteRunner.java:330)
at org.testng.SuiteRunnerWorker.runSuite(SuiteRunnerWorker.java:52)
at org.testng.SuiteRunnerWorker.run(SuiteRunnerWorker.java:95)
at org.testng.TestNG.runSuitesSequentially(TestNG.java:1256)
at org.testng.TestNG.runSuitesLocally(TestNG.java:1176)
at org.testng.TestNG.runSuites(TestNG.java:1099)
at org.testng.TestNG.run(TestNG.java:1067)
at org.testng.remote.AbstractRemoteTestNG.run(AbstractRemoteTestNG.java:115)
at org.testng.remote.RemoteTestNG.initAndRun(RemoteTestNG.java:251)
at org.testng.remote.RemoteTestNG.main(RemoteTestNG.java:77)
]]>
    </failure>
  </testcase> <!-- ClickOnAscDescArrow -->
  <testcase classname="swimGDSAutomation.PositiveTC.ManageVoyageTest" name="ClickOnViewFromActionColumn_SelectedStatusAsCancelled" time="0.0">
    <ignored/>
  </testcase> <!-- ClickOnViewFromActionColumn_SelectedStatusAsCancelled -->
  <testcase classname="swimGDSAutomation.PositiveTC.ManageVoyageTest" name="ClickOnChangeOfVesselSubmenu" time="0.0">
    <ignored/>
  </testcase> <!-- ClickOnChangeOfVesselSubmenu -->
  <testcase classname="swimGDSAutomation.PositiveTC.ManageVoyageTest" name="ClickOnViewFromBCNColumn_SelectedStatusAsCancelled" time="0.0">
    <ignored/>
  </testcase> <!-- ClickOnViewFromBCNColumn_SelectedStatusAsCancelled -->
  <testcase classname="swimGDSAutomation.PositiveTC.ManageVoyageTest" name="EnterNewIMONumberInTheField" time="0.0">
    <ignored/>
  </testcase> <!-- EnterNewIMONumberInTheField -->
  <testcase classname="swimGDSAutomation.PositiveTC.ManageVoyageTest" name="EnterNewVesselNameInTheField" time="0.0">
    <ignored/>
  </testcase> <!-- EnterNewVesselNameInTheField -->
  <testcase classname="swimGDSAutomation.PositiveTC.ManageVoyageTest" name="ClickOnSubmitButtonInChangeOfVesselSubmenu" time="0.0">
    <ignored/>
  </testcase> <!-- ClickOnSubmitButtonInChangeOfVesselSubmenu -->
  <testcase classname="swimGDSAutomation.PositiveTC.ManageVoyageTest" name="ClickOnYesOptionInChangeDateSubmenu" time="0.0">
    <ignored/>
  </testcase> <!-- ClickOnYesOptionInChangeDateSubmenu -->
  <testcase classname="swimGDSAutomation.PositiveTC.ManageVoyageTest" name="SelectVoyageNumberFromDropdownOptions" time="0.0">
    <ignored/>
  </testcase> <!-- SelectVoyageNumberFromDropdownOptions -->
  <testcase classname="swimGDSAutomation.PositiveTC.ManageVoyageTest" name="ClickOnViewFromBCNColumn" time="0.0">
    <ignored/>
  </testcase> <!-- ClickOnViewFromBCNColumn -->
  <testcase classname="swimGDSAutomation.PositiveTC.ManageVoyageTest" name="SelectVoyageNumberFromDropdownOptionsInChangeVesselSubmenu" time="0.0">
    <ignored/>
  </testcase> <!-- SelectVoyageNumberFromDropdownOptionsInChangeVesselSubmenu -->
  <testcase classname="swimGDSAutomation.PositiveTC.ManageVoyageTest" name="ClickOnViewFromActionColumn_SelectedStatusAsCompleted" time="0.0">
    <ignored/>
  </testcase> <!-- ClickOnViewFromActionColumn_SelectedStatusAsCompleted -->
  <testcase classname="swimGDSAutomation.PositiveTC.ManageVoyageTest" name="ClickOnPaginationArrow" time="0.0">
    <ignored/>
  </testcase> <!-- ClickOnPaginationArrow -->
  <testcase classname="swimGDSAutomation.PositiveTC.ManageVoyageTest" name="SelectDateOnETDField" time="0.0">
    <ignored/>
  </testcase> <!-- SelectDateOnETDField -->
  <testcase classname="swimGDSAutomation.PositiveTC.ManageVoyageTest" name="EnterVoyageNumberInField" time="0.0">
    <ignored/>
  </testcase> <!-- EnterVoyageNumberInField -->
  <testcase classname="swimGDSAutomation.PositiveTC.ManageVoyageTest" name="ClickOnViewFromBCNColumn_SelectedStatusAsCompeleted" time="0.0">
    <ignored/>
  </testcase> <!-- ClickOnViewFromBCNColumn_SelectedStatusAsCompeleted -->
  <testcase classname="swimGDSAutomation.PositiveTC.ManageVoyageTest" name="ClickOnListVoyageSubmenu" time="0.0">
    <ignored/>
  </testcase> <!-- ClickOnListVoyageSubmenu -->
  <testcase classname="swimGDSAutomation.PositiveTC.ManageVoyageTest" name="ClickOnManageVoyageMenu" time="0.0">
    <ignored/>
  </testcase> <!-- ClickOnManageVoyageMenu -->
  <testcase classname="swimGDSAutomation.PositiveTC.ManageVoyageTest" name="ClickOnSubmitButton" time="0.0">
    <ignored/>
  </testcase> <!-- ClickOnSubmitButton -->
  <testcase classname="swimGDSAutomation.PositiveTC.ManageVoyageTest" name="ClickOnViewFromActionColumn" time="0.0">
    <ignored/>
  </testcase> <!-- ClickOnViewFromActionColumn -->
  <testcase classname="swimGDSAutomation.PositiveTC.ManageVoyageTest" name="ClickOnNoButtonToCloseThePopup" time="0.0">
    <ignored/>
  </testcase> <!-- ClickOnNoButtonToCloseThePopup -->
  <testcase classname="swimGDSAutomation.PositiveTC.ManageVoyageTest" name="SelectDateOnETAField" time="0.0">
    <ignored/>
  </testcase> <!-- SelectDateOnETAField -->
  <testcase classname="swimGDSAutomation.PositiveTC.ManageVoyageTest" name="ClickToCloseThePopup" time="0.0">
    <ignored/>
  </testcase> <!-- ClickToCloseThePopup -->
  <testcase classname="swimGDSAutomation.PositiveTC.ManageVoyageTest" name="ClickOnCancelVoyageSubmenu" time="0.0">
    <ignored/>
  </testcase> <!-- ClickOnCancelVoyageSubmenu -->
  <testcase classname="swimGDSAutomation.PositiveTC.ManageVoyageTest" name="ClickOnStatusDropdown" time="0.0">
    <ignored/>
  </testcase> <!-- ClickOnStatusDropdown -->
  <testcase classname="swimGDSAutomation.PositiveTC.ManageVoyageTest" name="ClickOnCompletedStatus" time="0.0">
    <ignored/>
  </testcase> <!-- ClickOnCompletedStatus -->
  <testcase classname="swimGDSAutomation.PositiveTC.ManageVoyageTest" name="ClickOnCancelledStatus" time="0.0">
    <ignored/>
  </testcase> <!-- ClickOnCancelledStatus -->
  <testcase classname="swimGDSAutomation.PositiveTC.ManageVoyageTest" name="ClickOnETDAndETAField" time="0.0">
    <ignored/>
  </testcase> <!-- ClickOnETDAndETAField -->
  <testcase classname="swimGDSAutomation.PositiveTC.ManageVoyageTest" name="SelectCheckBoxOfPortPairs" time="0.0">
    <ignored/>
  </testcase> <!-- SelectCheckBoxOfPortPairs -->
  <testcase classname="swimGDSAutomation.PositiveTC.ManageVoyageTest" name="SelectTheCompletedStatusFromDropdown" time="0.0">
    <ignored/>
  </testcase> <!-- SelectTheCompletedStatusFromDropdown -->
  <testcase classname="swimGDSAutomation.PositiveTC.ManageVoyageTest" name="ClickOnNoOptionInChangeDateSubmenu" time="0.0">
    <ignored/>
  </testcase> <!-- ClickOnNoOptionInChangeDateSubmenu -->
  <testcase classname="swimGDSAutomation.PositiveTC.ManageVoyageTest" name="EnterVoyageNumberInChangeOfVesselSubmenu" time="0.0">
    <ignored/>
  </testcase> <!-- EnterVoyageNumberInChangeOfVesselSubmenu -->
  <testcase classname="swimGDSAutomation.PositiveTC.ManageVoyageTest" name="ClickOnChangeVoyageDateSubmenu" time="0.0">
    <ignored/>
  </testcase> <!-- ClickOnChangeVoyageDateSubmenu -->
  <testcase classname="swimGDSAutomation.PositiveTC.ManageVoyageTest" name="ClickOnETDFiel" time="0.0">
    <ignored/>
  </testcase> <!-- ClickOnETDFiel -->
  <testcase classname="swimGDSAutomation.PositiveTC.ManageVoyageTest" name="VerifyChangedVesselDetails" time="0.0">
    <ignored/>
  </testcase> <!-- VerifyChangedVesselDetails -->
</testsuite> <!-- Default test -->
