<?xml version="1.0" encoding="UTF-8"?>
<!-- Generated by org.testng.reporters.JUnitXMLReporter -->
<testsuite ignored="0" hostname="C102" failures="0" tests="15" name="Test" time="446.616" errors="0" timestamp="2024-04-26T12:38:35 IST">
  <testcase classname="SwimPay.positiveTests.balance_payOut" name="clickBalPayOutOpt" time="8.365"/>
  <testcase classname="SwimPay.positiveTests.balance_payOut" name="balOut_clickCountryCurrencyOpt_fromList" time="11.991"/>
  <testcase classname="SwimPay.positiveTests.balance_payOut" name="balOut_clickPayCurrencyOpt" time="9.767"/>
  <testcase classname="SwimPay.positiveTests.balance_payOut" name="balOut_clickConvertCurrencyOpt" time="11.471"/>
  <testcase classname="SwimPay.positiveTests.balance_payOut" name="balPayOut_currencyAvailableBalance" time="9.602"/>
  <testcase classname="SwimPay.positiveTests.balance_payOut" name="balPayOut_completeTransactiondisplay" time="22.986"/>
  <testcase classname="SwimPay.positiveTests.balance_payOut" name="balPayOut_viewStatementOptionBtn" time="14.499"/>
  <testcase classname="SwimPay.positiveTests.balance_payOut" name="balPayOut_completeTransactiondisplay_betweenDates" time="15.195"/>
  <testcase classname="SwimPay.positiveTests.balance_payOut" name="balPayOut_createStatement_byMonth" time="19.903"/>
  <testcase classname="SwimPay.positiveTests.balance_payOut" name="balPayOut_createStatement_byCustomDate" time="19.033"/>
  <testcase classname="SwimPay.positiveTests.balance_payOut" name="balPayin_clickCountryCurrencyOpt_fromList_NewCurrencyPrint" time="8.817"/>
  <testcase classname="SwimPay.positiveTests.balance_payOut" name="balPayin_clickCountryCurrencyOpt_fromList_NewCurrencyClick" time="10.554"/>
  <testcase classname="SwimPay.positiveTests.balance_payOut" name="balPayOut_PendingTransactionsByDate" time="19.825"/>
  <testcase classname="SwimPay.positiveTests.balance_payOut" name="balPayOut_AutoConvertedTransactionsByDate" time="19.843"/>
  <testcase classname="SwimPay.positiveTests.balance_payOut" name="balPayin_RequestCSVFile" time="20.69"/>
</testsuite> <!-- Test -->
