<?xml version="1.0" encoding="UTF-8"?>
<!-- Generated by org.testng.reporters.JUnitXMLReporter -->
<testsuite ignored="0" hostname="C100-96s-iMac.local" failures="2" tests="4" name="Test" time="192.226" errors="0" timestamp="2024-02-11T20:17:05 IST">
  <testcase classname="SwimPay.testComponents.baseClass" name="@AfterMethod tearDown" time="1.717">
    <failure type="org.openqa.selenium.ElementClickInterceptedException" message="element click intercepted: Element &amp;lt;i role=&amp;quot;button&amp;quot; class=&amp;quot;bi bi-power text-light fw-bold&amp;quot; aria-label=&amp;quot;Logout&amp;quot;&amp;gt;&amp;lt;/i&amp;gt; is not clickable at point (1566, 23). Other element would receive the click: &amp;lt;div class=&amp;quot;MuiDialog-container MuiDialog-scrollPaper css-ekeie0&amp;quot; role=&amp;quot;presentation&amp;quot; tabindex=&amp;quot;-1&amp;quot; style=&amp;quot;opacity: 1; transition: opacity 225ms cubic-bezier(0.4, 0, 0.2, 1) 0ms;&amp;quot;&amp;gt;...&amp;lt;/div&amp;gt;
  (Session info: chrome=121.0.6167.160)
Build info: version: &amp;apos;4.11.0&amp;apos;, revision: &amp;apos;040bc5406b&amp;apos;
System info: os.name: &amp;apos;Mac OS X&amp;apos;, os.arch: &amp;apos;x86_64&amp;apos;, os.version: &amp;apos;10.16&amp;apos;, java.version: &amp;apos;15.0.1&amp;apos;
Driver info: org.openqa.selenium.chrome.ChromeDriver
Command: [cd56738b386efae95d54db17c1f65785, clickElement {id=BC75DACD1AE536FFEEFEF36EC23A61E7_element_245}]
Capabilities {acceptInsecureCerts: false, browserName: chrome, browserVersion: 121.0.6167.160, chrome: {chromedriverVersion: 121.0.6167.85 (3f98d690ad7e..., userDataDir: /var/folders/qp/wg7rvws16w7...}, fedcm:accounts: true, goog:chromeOptions: {debuggerAddress: localhost:59675}, networkConnectionEnabled: false, pageLoadStrategy: normal, platformName: mac, proxy: Proxy(), se:cdp: ws://localhost:59675/devtoo..., se:cdpVersion: 121.0.6167.160, setWindowRect: true, strictFileInteractability: false, timeouts: {implicit: 0, pageLoad: 300000, script: 30000}, unhandledPromptBehavior: dismiss and notify, webauthn:extension:credBlob: true, webauthn:extension:largeBlob: true, webauthn:extension:minPinLength: true, webauthn:extension:prf: true, webauthn:virtualAuthenticators: true}
Element: [[ChromeDriver: chrome on mac (cd56738b386efae95d54db17c1f65785)] -&amp;gt; xpath: //div[@class=&amp;apos;ms-auto&amp;apos;]/i]
Session ID: cd56738b386efae95d54db17c1f65785">
      <![CDATA[org.openqa.selenium.ElementClickInterceptedException: element click intercepted: Element <i role="button" class="bi bi-power text-light fw-bold" aria-label="Logout"></i> is not clickable at point (1566, 23). Other element would receive the click: <div class="MuiDialog-container MuiDialog-scrollPaper css-ekeie0" role="presentation" tabindex="-1" style="opacity: 1; transition: opacity 225ms cubic-bezier(0.4, 0, 0.2, 1) 0ms;">...</div>
  (Session info: chrome=121.0.6167.160)
Build info: version: '4.11.0', revision: '040bc5406b'
System info: os.name: 'Mac OS X', os.arch: 'x86_64', os.version: '10.16', java.version: '15.0.1'
Driver info: org.openqa.selenium.chrome.ChromeDriver
Command: [cd56738b386efae95d54db17c1f65785, clickElement {id=BC75DACD1AE536FFEEFEF36EC23A61E7_element_245}]
Capabilities {acceptInsecureCerts: false, browserName: chrome, browserVersion: 121.0.6167.160, chrome: {chromedriverVersion: 121.0.6167.85 (3f98d690ad7e..., userDataDir: /var/folders/qp/wg7rvws16w7...}, fedcm:accounts: true, goog:chromeOptions: {debuggerAddress: localhost:59675}, networkConnectionEnabled: false, pageLoadStrategy: normal, platformName: mac, proxy: Proxy(), se:cdp: ws://localhost:59675/devtoo..., se:cdpVersion: 121.0.6167.160, setWindowRect: true, strictFileInteractability: false, timeouts: {implicit: 0, pageLoad: 300000, script: 30000}, unhandledPromptBehavior: dismiss and notify, webauthn:extension:credBlob: true, webauthn:extension:largeBlob: true, webauthn:extension:minPinLength: true, webauthn:extension:prf: true, webauthn:virtualAuthenticators: true}
Element: [[ChromeDriver: chrome on mac (cd56738b386efae95d54db17c1f65785)] -> xpath: //div[@class='ms-auto']/i]
Session ID: cd56738b386efae95d54db17c1f65785
at org.openqa.selenium.remote.codec.w3c.W3CHttpResponseCodec.createException(W3CHttpResponseCodec.java:200)
at org.openqa.selenium.remote.codec.w3c.W3CHttpResponseCodec.decode(W3CHttpResponseCodec.java:133)
at org.openqa.selenium.remote.codec.w3c.W3CHttpResponseCodec.decode(W3CHttpResponseCodec.java:52)
at org.openqa.selenium.remote.HttpCommandExecutor.execute(HttpCommandExecutor.java:191)
at org.openqa.selenium.remote.service.DriverCommandExecutor.invokeExecute(DriverCommandExecutor.java:196)
at org.openqa.selenium.remote.service.DriverCommandExecutor.execute(DriverCommandExecutor.java:171)
at org.openqa.selenium.remote.RemoteWebDriver.execute(RemoteWebDriver.java:518)
at org.openqa.selenium.remote.RemoteWebElement.execute(RemoteWebElement.java:224)
at org.openqa.selenium.remote.RemoteWebElement.click(RemoteWebElement.java:77)
at org.openqa.selenium.support.pagefactory.internal.LocatingElementHandler.invoke(LocatingElementHandler.java:51)
at com.sun.proxy.$Proxy17.click(Unknown Source)
at SwimPay.AbstractComponents.abstractComponentsMethods.logout(abstractComponentsMethods.java:354)
at SwimPay.testComponents.baseClass.tearDown(baseClass.java:54)
at java.base/java.util.ArrayList.forEach(ArrayList.java:1511)
... Removed 40 stack frames]]>
    </failure>
  </testcase> <!-- @AfterMethod tearDown -->
  <testcase classname="SwimPay.negativeTests.negativeFXconversion" name="fxConversionWithoutSelectingTermsCheckbox" time="23.528"/>
  <testcase classname="SwimPay.negativeTests.negativeFXconversion" name="submitFXConversion_curriencyAmount_bySameCurrencyOpt" time="47.826">
    <failure type="org.openqa.selenium.TimeoutException" message="Expected condition failed: waiting for visibility of Proxy element for: DefaultElementLocator &amp;apos;By.xpath: //div[contains(@class,&amp;apos;Toastify__toast-body&amp;apos;)]&amp;apos; (tried for 20 second(s) with 500 milliseconds interval)">
      <![CDATA[org.openqa.selenium.TimeoutException: Expected condition failed: waiting for visibility of Proxy element for: DefaultElementLocator 'By.xpath: //div[contains(@class,'Toastify__toast-body')]' (tried for 20 second(s) with 500 milliseconds interval)
at org.openqa.selenium.support.ui.WebDriverWait.timeoutException(WebDriverWait.java:84)
at org.openqa.selenium.support.ui.FluentWait.until(FluentWait.java:230)
at SwimPay.AbstractComponents.abstractComponentsMethods.waitTimeForWebElementToAppear(abstractComponentsMethods.java:366)
at SwimPay.AbstractComponents.abstractComponentsMethods.messageToaster(abstractComponentsMethods.java:108)
at SwimPay.negativeTests.negativeFXconversion.submitFXConversion_curriencyAmount_bySameCurrencyOpt(negativeFXconversion.java:57)
at java.base/java.util.ArrayList.forEach(ArrayList.java:1511)
Caused by: org.openqa.selenium.NoSuchElementException: no such element: Unable to locate element: {"method":"xpath","selector":"//div[contains(@class,'Toastify__toast-body')]"}
  (Session info: chrome=121.0.6167.160)
For documentation on this error, please visit: https://www.selenium.dev/documentation/webdriver/troubleshooting/errors#no-such-element-exception
Build info: version: '4.11.0', revision: '040bc5406b'
System info: os.name: 'Mac OS X', os.arch: 'x86_64', os.version: '10.16', java.version: '15.0.1'
Driver info: org.openqa.selenium.chrome.ChromeDriver
Command: [e378793b6aab46cfc0d137743d82c29e, findElement {using=xpath, value=//div[contains(@class,'Toastify__toast-body')]}]
Capabilities {acceptInsecureCerts: false, browserName: chrome, browserVersion: 121.0.6167.160, chrome: {chromedriverVersion: 121.0.6167.85 (3f98d690ad7e..., userDataDir: /var/folders/qp/wg7rvws16w7...}, fedcm:accounts: true, goog:chromeOptions: {debuggerAddress: localhost:59600}, networkConnectionEnabled: false, pageLoadStrategy: normal, platformName: mac, proxy: Proxy(), se:cdp: ws://localhost:59600/devtoo..., se:cdpVersion: 121.0.6167.160, setWindowRect: true, strictFileInteractability: false, timeouts: {implicit: 0, pageLoad: 300000, script: 30000}, unhandledPromptBehavior: dismiss and notify, webauthn:extension:credBlob: true, webauthn:extension:largeBlob: true, webauthn:extension:minPinLength: true, webauthn:extension:prf: true, webauthn:virtualAuthenticators: true}
Session ID: e378793b6aab46cfc0d137743d82c29e
at org.openqa.selenium.remote.codec.w3c.W3CHttpResponseCodec.createException(W3CHttpResponseCodec.java:200)
at org.openqa.selenium.remote.codec.w3c.W3CHttpResponseCodec.decode(W3CHttpResponseCodec.java:133)
at org.openqa.selenium.remote.codec.w3c.W3CHttpResponseCodec.decode(W3CHttpResponseCodec.java:52)
at org.openqa.selenium.remote.HttpCommandExecutor.execute(HttpCommandExecutor.java:191)
at org.openqa.selenium.remote.service.DriverCommandExecutor.invokeExecute(DriverCommandExecutor.java:196)
at org.openqa.selenium.remote.service.DriverCommandExecutor.execute(DriverCommandExecutor.java:171)
at org.openqa.selenium.remote.RemoteWebDriver.execute(RemoteWebDriver.java:518)
at org.openqa.selenium.remote.ElementLocation$ElementFinder$2.findElement(ElementLocation.java:165)
at org.openqa.selenium.remote.ElementLocation.findElement(ElementLocation.java:59)
at org.openqa.selenium.remote.RemoteWebDriver.findElement(RemoteWebDriver.java:355)
at org.openqa.selenium.remote.RemoteWebDriver.findElement(RemoteWebDriver.java:349)
at org.openqa.selenium.support.pagefactory.DefaultElementLocator.findElement(DefaultElementLocator.java:68)
at org.openqa.selenium.support.pagefactory.internal.LocatingElementHandler.invoke(LocatingElementHandler.java:38)
at com.sun.proxy.$Proxy17.isDisplayed(Unknown Source)
at org.openqa.selenium.support.ui.ExpectedConditions.elementIfVisible(ExpectedConditions.java:304)
at org.openqa.selenium.support.ui.ExpectedConditions.access$000(ExpectedConditions.java:37)
at org.openqa.selenium.support.ui.ExpectedConditions$10.apply(ExpectedConditions.java:290)
at org.openqa.selenium.support.ui.ExpectedConditions$10.apply(ExpectedConditions.java:287)
at org.openqa.selenium.support.ui.FluentWait.until(FluentWait.java:205)
... 31 more
... Removed 32 stack frames]]>
    </failure>
  </testcase> <!-- submitFXConversion_curriencyAmount_bySameCurrencyOpt -->
  <testcase classname="SwimPay.negativeTests.negativeFXconversion" name="submitCurrencies_AmountWith_Amount0" time="17.501"/>
  <testcase classname="SwimPay.negativeTests.negativeFXconversion" name="submitFxConversionByInvalidOTPSubmit" time="65.375">
    <failure type="org.openqa.selenium.TimeoutException" message="Expected condition failed: waiting for element to be clickable: Proxy element for: DefaultElementLocator &amp;apos;By.xpath: //button[text()=&amp;apos;Continue&amp;apos;]&amp;apos; (tried for 30 second(s) with 500 milliseconds interval)">
      <![CDATA[org.openqa.selenium.TimeoutException: Expected condition failed: waiting for element to be clickable: Proxy element for: DefaultElementLocator 'By.xpath: //button[text()='Continue']' (tried for 30 second(s) with 500 milliseconds interval)
at org.openqa.selenium.support.ui.WebDriverWait.timeoutException(WebDriverWait.java:84)
at org.openqa.selenium.support.ui.FluentWait.until(FluentWait.java:230)
at SwimPay.AbstractComponents.abstractComponentsMethods.waitTimeForElementToClickable(abstractComponentsMethods.java:376)
at SwimPay.AbstractComponents.abstractComponentsMethods.otpSubmitBtn(abstractComponentsMethods.java:84)
at SwimPay.negativeTests.negativeFXconversion.submitFxConversionByInvalidOTPSubmit(negativeFXconversion.java:81)
at java.base/java.util.ArrayList.forEach(ArrayList.java:1511)
Caused by: org.openqa.selenium.NoSuchElementException: no such element: Unable to locate element: {"method":"xpath","selector":"//button[text()='Continue']"}
  (Session info: chrome=121.0.6167.160)
For documentation on this error, please visit: https://www.selenium.dev/documentation/webdriver/troubleshooting/errors#no-such-element-exception
Build info: version: '4.11.0', revision: '040bc5406b'
System info: os.name: 'Mac OS X', os.arch: 'x86_64', os.version: '10.16', java.version: '15.0.1'
Driver info: org.openqa.selenium.chrome.ChromeDriver
Command: [cd56738b386efae95d54db17c1f65785, findElement {using=xpath, value=//button[text()='Continue']}]
Capabilities {acceptInsecureCerts: false, browserName: chrome, browserVersion: 121.0.6167.160, chrome: {chromedriverVersion: 121.0.6167.85 (3f98d690ad7e..., userDataDir: /var/folders/qp/wg7rvws16w7...}, fedcm:accounts: true, goog:chromeOptions: {debuggerAddress: localhost:59675}, networkConnectionEnabled: false, pageLoadStrategy: normal, platformName: mac, proxy: Proxy(), se:cdp: ws://localhost:59675/devtoo..., se:cdpVersion: 121.0.6167.160, setWindowRect: true, strictFileInteractability: false, timeouts: {implicit: 0, pageLoad: 300000, script: 30000}, unhandledPromptBehavior: dismiss and notify, webauthn:extension:credBlob: true, webauthn:extension:largeBlob: true, webauthn:extension:minPinLength: true, webauthn:extension:prf: true, webauthn:virtualAuthenticators: true}
Session ID: cd56738b386efae95d54db17c1f65785
at org.openqa.selenium.remote.codec.w3c.W3CHttpResponseCodec.createException(W3CHttpResponseCodec.java:200)
at org.openqa.selenium.remote.codec.w3c.W3CHttpResponseCodec.decode(W3CHttpResponseCodec.java:133)
at org.openqa.selenium.remote.codec.w3c.W3CHttpResponseCodec.decode(W3CHttpResponseCodec.java:52)
at org.openqa.selenium.remote.HttpCommandExecutor.execute(HttpCommandExecutor.java:191)
at org.openqa.selenium.remote.service.DriverCommandExecutor.invokeExecute(DriverCommandExecutor.java:196)
at org.openqa.selenium.remote.service.DriverCommandExecutor.execute(DriverCommandExecutor.java:171)
at org.openqa.selenium.remote.RemoteWebDriver.execute(RemoteWebDriver.java:518)
at org.openqa.selenium.remote.ElementLocation$ElementFinder$2.findElement(ElementLocation.java:165)
at org.openqa.selenium.remote.ElementLocation.findElement(ElementLocation.java:59)
at org.openqa.selenium.remote.RemoteWebDriver.findElement(RemoteWebDriver.java:355)
at org.openqa.selenium.remote.RemoteWebDriver.findElement(RemoteWebDriver.java:349)
at org.openqa.selenium.support.pagefactory.DefaultElementLocator.findElement(DefaultElementLocator.java:68)
at org.openqa.selenium.support.pagefactory.internal.LocatingElementHandler.invoke(LocatingElementHandler.java:38)
at com.sun.proxy.$Proxy17.isDisplayed(Unknown Source)
at org.openqa.selenium.support.ui.ExpectedConditions.elementIfVisible(ExpectedConditions.java:304)
at org.openqa.selenium.support.ui.ExpectedConditions.access$000(ExpectedConditions.java:37)
at org.openqa.selenium.support.ui.ExpectedConditions$10.apply(ExpectedConditions.java:290)
at org.openqa.selenium.support.ui.ExpectedConditions$10.apply(ExpectedConditions.java:287)
at org.openqa.selenium.support.ui.ExpectedConditions$23.apply(ExpectedConditions.java:656)
at org.openqa.selenium.support.ui.ExpectedConditions$23.apply(ExpectedConditions.java:652)
at org.openqa.selenium.support.ui.FluentWait.until(FluentWait.java:205)
... 31 more
... Removed 32 stack frames]]>
    </failure>
  </testcase> <!-- submitFxConversionByInvalidOTPSubmit -->
</testsuite> <!-- Test -->
