<?xml version="1.0" encoding="UTF-8"?>
<!-- Generated by org.testng.reporters.JUnitXMLReporter -->
<testsuite ignored="0" hostname="C102" failures="15" tests="271" name="Test" time="9576.915" errors="0" timestamp="2024-05-06T16:26:53 IST">
  <testcase classname="SwimPay.positiveTests.fundingAccounts" name="navigateToFundingAccount" time="15.39"/>
  <testcase classname="SwimPay.positiveTests.fundingAccounts" name="searchBankAccounts" time="6.494"/>
  <testcase classname="SwimPay.positiveTests.fundingAccounts" name="clickAddAccountBtn" time="6.065"/>
  <testcase classname="SwimPay.positiveTests.fundingAccounts" name="addNew_submitMyBankDetailFormData" time="14.163"/>
  <testcase classname="SwimPay.positiveTests.fundingAccounts" name="addNewFunding_submitAndValdiateBankAccountDetails" time="23.278"/>
  <testcase classname="SwimPay.positiveTests.fundingAccounts" name="addNew_submitMyBankDetailFormData_withIndividualBankTypeOpt" time="15.706"/>
  <testcase classname="SwimPay.positiveTests.fundingAccounts" name="addNewFunding_valdiateAndCreateBankAccountDetails_withIndividualBankTypeOpt" time="33.363"/>
  <testcase classname="SwimPay.positiveTests.fundingAccounts" name="addNewFunding_clickOnEditOpt" time="38.006"/>
  <testcase classname="SwimPay.positiveTests.fundingAccounts" name="addNewFunding_clickOnEditOpt_andUpdateDetails" time="45.855"/>
  <testcase classname="SwimPay.positiveTests.fundingAccounts" name="addNewFunding_deletenewSavedDetails" time="42.929"/>
  <testcase classname="SwimPay.positiveTests.fundingAccounts" name="addNewFunding_andClickPayOpt" time="28.239"/>
  <testcase classname="SwimPay.positiveTests.fundingAccounts" name="clickUserAccountNamefromDataList" time="6.542"/>
  <testcase classname="SwimPay.positiveTests.fundingAccounts" name="clickUsersAccountNameFromDataList_andClickPayBtnFromDetailPage" time="6.235"/>
  <testcase classname="SwimPay.positiveTests.fundingAccounts" name="clickUsersAccountNameFromDataList_andClickEditBtnFromDetailPage" time="7.423"/>
  <testcase classname="SwimPay.positiveTests.fundingAccounts" name="clickUsersAccountNameFromDataList_andClickDeleteBtnFromDetailPage" time="6.757"/>
  <testcase classname="SwimPay.positiveTests.fundingAccounts" name="clickEditOptForRequestedUser" time="10.602"/>
  <testcase classname="SwimPay.positiveTests.fundingAccounts" name="clickEditOptFromDataListForRequestedUser_andEditUpdateDetails" time="21.695"/>
  <testcase classname="SwimPay.positiveTests.fundingAccounts" name="clickPayOptFromDataListForRequestedUser" time="30.716"/>
  <testcase classname="SwimPay.positiveTests.fundingAccounts" name="clickPayOptFromDataListForRequestedUser_andPerformPayment" time="42.199"/>
  <testcase classname="SwimPay.positiveTests.fundingAccounts" name="clickDeleteOptForRequestedUserFromDataList_andPerformDeleteAction" time="38.406"/>
  <testcase classname="SwimPay.negativeTests.negativeFundingAccount" name="addNew_submitMyBankDetailFormData_withBlankFields" time="13.826"/>
  <testcase classname="SwimPay.negativeTests.negativeFundingAccount" name="addNew_ValidateAccount_withoutSelectPaymentCheckBox" time="19.735"/>
  <testcase classname="SwimPay.negativeTests.negativeFundingAccount" name="addNew_submitAndValdiateBankAccountDetails_withoutDataProvideInPaymentFormFields" time="269.348">
    <failure type="org.openqa.selenium.TimeoutException" message="Expected condition failed: waiting for visibility of all [] (tried for 120 second(s) with 500 milliseconds interval)
Build info: version: &amp;apos;4.20.0&amp;apos;, revision: &amp;apos;866c76ca80&amp;apos;
System info: os.name: &amp;apos;Windows 10&amp;apos;, os.arch: &amp;apos;amd64&amp;apos;, os.version: &amp;apos;10.0&amp;apos;, java.version: &amp;apos;17.0.10&amp;apos;
Driver info: org.openqa.selenium.chrome.ChromeDriver
Capabilities {acceptInsecureCerts: false, browserName: chrome, browserVersion: 124.0.6367.119, chrome: {chromedriverVersion: 124.0.6367.91 (51df0e5e17a8..., userDataDir: C:\Users\pgargi\AppData\Loc...}, fedcm:accounts: true, goog:chromeOptions: {debuggerAddress: localhost:53775}, networkConnectionEnabled: false, pageLoadStrategy: normal, platformName: windows, proxy: Proxy(), se:cdp: ws://localhost:53775/devtoo..., se:cdpVersion: 124.0.6367.119, setWindowRect: true, strictFileInteractability: false, timeouts: {implicit: 0, pageLoad: 300000, script: 30000}, unhandledPromptBehavior: dismiss and notify, webauthn:extension:credBlob: true, webauthn:extension:largeBlob: true, webauthn:extension:minPinLength: true, webauthn:extension:prf: true, webauthn:virtualAuthenticators: true}
Session ID: fcb1f209da32e5a19627af5cdf9558a6">
      <![CDATA[org.openqa.selenium.TimeoutException: Expected condition failed: waiting for visibility of all [] (tried for 120 second(s) with 500 milliseconds interval)
Build info: version: '4.20.0', revision: '866c76ca80'
System info: os.name: 'Windows 10', os.arch: 'amd64', os.version: '10.0', java.version: '17.0.10'
Driver info: org.openqa.selenium.chrome.ChromeDriver
Capabilities {acceptInsecureCerts: false, browserName: chrome, browserVersion: 124.0.6367.119, chrome: {chromedriverVersion: 124.0.6367.91 (51df0e5e17a8..., userDataDir: C:\Users\pgargi\AppData\Loc...}, fedcm:accounts: true, goog:chromeOptions: {debuggerAddress: localhost:53775}, networkConnectionEnabled: false, pageLoadStrategy: normal, platformName: windows, proxy: Proxy(), se:cdp: ws://localhost:53775/devtoo..., se:cdpVersion: 124.0.6367.119, setWindowRect: true, strictFileInteractability: false, timeouts: {implicit: 0, pageLoad: 300000, script: 30000}, unhandledPromptBehavior: dismiss and notify, webauthn:extension:credBlob: true, webauthn:extension:largeBlob: true, webauthn:extension:minPinLength: true, webauthn:extension:prf: true, webauthn:virtualAuthenticators: true}
Session ID: fcb1f209da32e5a19627af5cdf9558a6
at org.openqa.selenium.support.ui.WebDriverWait.timeoutException(WebDriverWait.java:84)
at org.openqa.selenium.support.ui.FluentWait.until(FluentWait.java:228)
at SwimPay.AbstractComponents.abstractComponentsMethods.waitTimeForWebElementListToAppear(abstractComponentsMethods.java:400)
at SwimPay.AbstractComponents.abstractComponentsMethods.fieldserrorsDisplay(abstractComponentsMethods.java:153)
at SwimPay.negativeTests.negativeFundingAccount.addNew_submitAndValdiateBankAccountDetails_withoutDataProvideInPaymentFormFields(negativeFundingAccount.java:91)
at java.base/java.util.ArrayList.forEach(ArrayList.java:1511)
... Removed 27 stack frames]]>
    </failure>
  </testcase> <!-- addNew_submitAndValdiateBankAccountDetails_withoutDataProvideInPaymentFormFields -->
  <testcase classname="SwimPay.negativeTests.negativeFundingAccount" name="addNew_submitAndValdiateBankAccountDetails_withInvalidOTPSubmit" time="33.63"/>
  <testcase classname="SwimPay.negativeTests.negativeFundingAccount" name="addNewFunding_submitBankAccountDetailForm_withInvalidValues" time="20.0"/>
  <testcase classname="SwimPay.negativeTests.negativeFundingAccount" name="addNewFunding_withInvalidValueProvideAndSubmit" time="29.551"/>
  <testcase classname="SwimPay.negativeTests.negativeFundingAccount" name="clickEdit_andPerformUpdateDataWithInvalidData" time="17.36"/>
  <testcase classname="SwimPay.negativeTests.negativeFundingAccount" name="clickEdit_andPerformUpdateDataWithvalidData_andInavlidOTPSubmit" time="16.165"/>
  <testcase classname="SwimPay.negativeTests.negativeFundingAccount" name="deleteFundingAccount_withInvalidOTPSubmit" time="19.521"/>
  <testcase classname="SwimPay.negativeTests.negativeFundingAccount" name="editAndUpdate_fundingAccountDetailsWithInvalidAccountNumberData" time="18.058"/>
  <testcase classname="SwimPay.negativeTests.negativeFundingAccount" name="clickUserAccountNamefromDataList" time="8.525"/>
  <testcase classname="SwimPay.positiveTests.balance_payOut" name="clickBalPayOutOpt" time="6.167"/>
  <testcase classname="SwimPay.positiveTests.balance_payOut" name="balOut_clickCountryCurrencyOpt_fromList" time="25.91"/>
  <testcase classname="SwimPay.positiveTests.balance_payOut" name="balOut_clickPayCurrencyOpt" time="26.342"/>
  <testcase classname="SwimPay.positiveTests.balance_payOut" name="balOut_clickConvertCurrencyOpt" time="34.733"/>
  <testcase classname="SwimPay.positiveTests.balance_payOut" name="balPayOut_currencyAvailableBalance" time="28.008"/>
  <testcase classname="SwimPay.positiveTests.balance_payOut" name="balPayOut_completeTransactiondisplay" time="74.895"/>
  <testcase classname="SwimPay.positiveTests.balance_payOut" name="balPayOut_viewStatementOptionBtn" time="25.414"/>
  <testcase classname="SwimPay.positiveTests.balance_payOut" name="balPayOut_completeTransactiondisplay_betweenDates" time="30.654"/>
  <testcase classname="SwimPay.positiveTests.balance_payOut" name="balPayOut_createStatement_byMonth" time="38.65"/>
  <testcase classname="SwimPay.positiveTests.balance_payOut" name="balPayOut_createStatement_byCustomDate" time="52.029"/>
  <testcase classname="SwimPay.positiveTests.balance_payOut" name="balPayOut_clickCountryCurrencyOpt_fromList_NewCurrencyPrint" time="21.559"/>
  <testcase classname="SwimPay.positiveTests.balance_payOut" name="balPayOut_clickCountryCurrencyOpt_fromList_NewCurrencyClick" time="21.777"/>
  <testcase classname="SwimPay.positiveTests.balance_payOut" name="balPayOut_PendingTransactionsByDate" time="36.933"/>
  <testcase classname="SwimPay.positiveTests.balance_payOut" name="balPayOut_AutoConvertedTransactionsByDate" time="36.201"/>
  <testcase classname="SwimPay.positiveTests.balance_payOut" name="balPayOut_RequestCSVFile" time="46.217"/>
  <testcase classname="SwimPay.positiveTests.balance_payIn" name="clickBalanceOpt" time="21.44"/>
  <testcase classname="SwimPay.positiveTests.balance_payIn" name="clickBal_payinOpt" time="10.058"/>
  <testcase classname="SwimPay.positiveTests.balance_payIn" name="balPayIn_provideValueIn_findField" time="8.896"/>
  <testcase classname="SwimPay.positiveTests.balance_payIn" name="balPayin_clickCountryCurrencyOpt_fromList" time="7.548"/>
  <testcase classname="SwimPay.positiveTests.balance_payIn" name="balPayin_currencyAvailableBalance" time="8.859"/>
  <testcase classname="SwimPay.positiveTests.balance_payIn" name="balPayin_clickPayCurrencyOpt_fromDetails" time="10.797"/>
  <testcase classname="SwimPay.positiveTests.balance_payIn" name="balPayin_clickConvertCurrencyOpt_fromDetails" time="7.964"/>
  <testcase classname="SwimPay.positiveTests.balance_payIn" name="balPayin_clickAddCurrencyOpt_fromDetails" time="12.792"/>
  <testcase classname="SwimPay.positiveTests.balance_payIn" name="balPayin_clickMyCurrencyAccountDetails" time="7.69"/>
  <testcase classname="SwimPay.positiveTests.balance_payIn" name="balPayIn_myCurrecyAccountDetailsCapture" time="11.515"/>
  <testcase classname="SwimPay.positiveTests.balance_payIn" name="balPayin_completedTransactionsByDate" time="31.503"/>
  <testcase classname="SwimPay.positiveTests.balance_payIn" name="balPayin_statementPreview" time="12.662"/>
  <testcase classname="SwimPay.positiveTests.balance_payIn" name="balPayin_createStatementRequest" time="71.259"/>
  <testcase classname="SwimPay.positiveTests.balance_payIn" name="balPayin_clickCountryCurrencyOpt_fromList_NewCurrencyPrint" time="10.244"/>
  <testcase classname="SwimPay.positiveTests.balance_payIn" name="balPayin_clickCountryCurrencyOpt_fromList_NewCurrencyClick" time="10.65"/>
  <testcase classname="SwimPay.positiveTests.balance_payIn" name="balPayin_PendingTransactionsByDate" time="26.648"/>
  <testcase classname="SwimPay.positiveTests.balance_payIn" name="balPayin_AutoConvertedTransactionsByDate" time="26.615"/>
  <testcase classname="SwimPay.positiveTests.balance_payIn" name="balPayin_RequestCSVFile" time="39.288"/>
  <testcase classname="SwimPay.positiveTests.settings" name="updateSettings" time="17.078"/>
  <testcase classname="SwimPay.positiveTests.reports" name="clickOnReportsOpt" time="7.301"/>
  <testcase classname="SwimPay.positiveTests.reports" name="searchReportInvoiceMapByInvoiceNumber" time="10.493"/>
  <testcase classname="SwimPay.positiveTests.reports" name="searchReportInvoiceMapBySellerName" time="16.625"/>
  <testcase classname="SwimPay.positiveTests.reports" name="searchReportsInvoiceMapByBuyerName" time="16.593"/>
  <testcase classname="SwimPay.positiveTests.reports" name="searchReportsInvoiceMapByDateRange" time="20.325"/>
  <testcase classname="SwimPay.positiveTests.reports" name="reportsClickonBOL_CSVOPt" time="9.195"/>
  <testcase classname="SwimPay.positiveTests.reports" name="searchReportsBOL_CSVbyBCNNumber" time="7.669"/>
  <testcase classname="SwimPay.positiveTests.reports" name="searchReportsBOL_CSVbySellerNamee" time="14.541"/>
  <testcase classname="SwimPay.positiveTests.reports" name="searchReportsBOL_CSVbyBuyerNamee" time="17.683"/>
  <testcase classname="SwimPay.positiveTests.reports" name="searchReportsBOL_CSVByDateRangeBol" time="21.781"/>
  <testcase classname="SwimPay.positiveTests.reports" name="searchReportsBOL_CSVByDateRangeBuyer" time="14.06"/>
  <testcase classname="SwimPay.positiveTests.reports" name="searchReportsBOL_CSVByDateRangeSeller" time="15.002"/>
  <testcase classname="SwimPay.positiveTests.payments" name="paymentsClick" time="6.586"/>
  <testcase classname="SwimPay.positiveTests.dashboard" name="clickDashboradOptFromMenu" time="8.037"/>
  <testcase classname="SwimPay.positiveTests.dashboard" name="clickViewAccountOpt_fromDashBoardPage" time="7.489"/>
  <testcase classname="SwimPay.positiveTests.dashboard" name="clickAddRecipientPayeeOpt_fromDashBoardPage" time="6.385"/>
  <testcase classname="SwimPay.positiveTests.dashboard" name="clickCreatePaymentOpt_fromDashBoardPage" time="6.1"/>
  <testcase classname="SwimPay.positiveTests.dashboard" name="clickMakeConversionOpt_fromDashBoardPage" time="11.791"/>
  <testcase classname="SwimPay.positiveTests.dashboard" name="searchToDo_asAwaitingFunds" time="22.063"/>
  <testcase classname="SwimPay.positiveTests.dashboard" name="searchToDo_asFailedPayment" time="22.76"/>
  <testcase classname="SwimPay.positiveTests.dashboard" name="searchToDo_asPendingTrascation" time="21.441"/>
  <testcase classname="SwimPay.positiveTests.dashboard" name="searchToDo_asCompletedConversionsToday" time="21.173"/>
  <testcase classname="SwimPay.positiveTests.dashboard" name="searchToDo_asCompletedTransactionssToday" time="22.115"/>
  <testcase classname="SwimPay.positiveTests.dashboard" name="searchToDo_asCompletedPaymentsToday" time="23.311"/>
  <testcase classname="SwimPay.positiveTests.dashboard" name="searchToDo_asAwaitingFundsAndClick" time="21.728"/>
  <testcase classname="SwimPay.positiveTests.dashboard" name="searchToDo_asFailedPaymentsAndClick" time="21.647"/>
  <testcase classname="SwimPay.positiveTests.dashboard" name="searchToDo_asPendingTransactionAndClick" time="21.237"/>
  <testcase classname="SwimPay.positiveTests.dashboard" name="searchToDo_asCompletedConversionTodayAndClick" time="21.781"/>
  <testcase classname="SwimPay.positiveTests.dashboard" name="searchToDo_asCompletedTransactionsTodayAndClick" time="21.006"/>
  <testcase classname="SwimPay.positiveTests.dashboard" name="searchToDo_asCompletedPaymentsTodayAndClick" time="22.008"/>
  <testcase classname="SwimPay.positiveTests.dashboard" name="captureCurrencyFromFixedCurrencyHeader_andClickOnRequestedCurrencyOpt" time="24.239"/>
  <testcase classname="SwimPay.positiveTests.dashboard" name="clickOnSwimPayLogo" time="23.844"/>
  <testcase classname="SwimPay.positiveTests.accountInfo" name="clickAccountInfoOpt" time="9.083"/>
  <testcase classname="SwimPay.positiveTests.accountInfo" name="findrequestedAccountName_andClick" time="26.039"/>
  <testcase classname="SwimPay.positiveTests.accountInfo" name="findrequestedAccountName_andClickArrowDownIcon_captureDisplayedcurrencyData" time="25.401"/>
  <testcase classname="SwimPay.positiveTests.accountInfo" name="clickRequestedLastNameFromDataListFromAccountInformationSection" time="27.006"/>
  <testcase classname="SwimPay.positiveTests.accountInfo" name="clickRequestedFirstNameFromDataListFromAccountInformationSection" time="24.434"/>
  <testcase classname="SwimPay.positiveTests.accountInfo" name="clickAccountInformationOpt_fromAccountDetailsSection" time="25.297"/>
  <testcase classname="SwimPay.positiveTests.accountInfo" name="clickDisplayApplicationFormBtn_fromAccountInformationPage" time="25.224"/>
  <testcase classname="SwimPay.positiveTests.accountInfo" name="clickDisplayApplicationFormBtn_fromAccountInformationPage_andCaptureApplicationFormData" time="33.819"/>
  <testcase classname="SwimPay.positiveTests.accountInfo" name="clickEnable_DisableOptForRequestedUserFromDataListOfAccounts_andClickYesOptFromPopup" time="27.66">
    <failure type="java.lang.IndexOutOfBoundsException" message="Index 1 out of bounds for length 1">
      <![CDATA[java.lang.IndexOutOfBoundsException: Index 1 out of bounds for length 1
at java.base/jdk.internal.util.Preconditions.outOfBounds(Preconditions.java:64)
at java.base/jdk.internal.util.Preconditions.outOfBoundsCheckIndex(Preconditions.java:70)
at java.base/jdk.internal.util.Preconditions.checkIndex(Preconditions.java:266)
at java.base/java.util.Objects.checkIndex(Objects.java:361)
at java.base/java.util.ArrayList.get(ArrayList.java:427)
at org.openqa.selenium.support.pagefactory.internal.LocatingElementListHandler.invoke(LocatingElementListHandler.java:39)
at jdk.proxy2/jdk.proxy2.$Proxy15.get(Unknown Source)
at SwimPay.pageObject.accountInfoPage.disableEnableBtn(accountInfoPage.java:186)
at SwimPay.positiveTests.accountInfo.clickEnable_DisableOptForRequestedUserFromDataListOfAccounts_andClickYesOptFromPopup(accountInfo.java:186)
at java.base/java.util.ArrayList.forEach(ArrayList.java:1511)
... Removed 30 stack frames]]>
    </failure>
  </testcase> <!-- clickEnable_DisableOptForRequestedUserFromDataListOfAccounts_andClickYesOptFromPopup -->
  <testcase classname="SwimPay.positiveTests.accountInfo" name="clickEnable_DisableOptForRequestedUserFromDataListOfAccounts_andClickNoOptFromPopup" time="28.31"/>
  <testcase classname="SwimPay.positiveTests.accountInfo" name="clickEnable_DisableOptForRequestedUserFromDataListOfAccounts_andClickYesOptFromPopup_VerifyUSer_EnableUserAgain" time="24.665">
    <failure type="java.lang.IndexOutOfBoundsException" message="Index 1 out of bounds for length 1">
      <![CDATA[java.lang.IndexOutOfBoundsException: Index 1 out of bounds for length 1
at java.base/jdk.internal.util.Preconditions.outOfBounds(Preconditions.java:64)
at java.base/jdk.internal.util.Preconditions.outOfBoundsCheckIndex(Preconditions.java:70)
at java.base/jdk.internal.util.Preconditions.checkIndex(Preconditions.java:266)
at java.base/java.util.Objects.checkIndex(Objects.java:361)
at java.base/java.util.ArrayList.get(ArrayList.java:427)
at org.openqa.selenium.support.pagefactory.internal.LocatingElementListHandler.invoke(LocatingElementListHandler.java:39)
at jdk.proxy2/jdk.proxy2.$Proxy15.get(Unknown Source)
at SwimPay.pageObject.accountInfoPage.disableEnableBtn(accountInfoPage.java:186)
at SwimPay.positiveTests.accountInfo.clickEnable_DisableOptForRequestedUserFromDataListOfAccounts_andClickYesOptFromPopup_VerifyUSer_EnableUserAgain(accountInfo.java:233)
at java.base/java.util.ArrayList.forEach(ArrayList.java:1511)
... Removed 30 stack frames]]>
    </failure>
  </testcase> <!-- clickEnable_DisableOptForRequestedUserFromDataListOfAccounts_andClickYesOptFromPopup_VerifyUSer_EnableUserAgain -->
  <testcase classname="SwimPay.positiveTests.accountInfo" name="clickEnable_DisableOptForRequestedUserFromDataListOfAccounts_andClickYesOptFromPopup_VerifyUser_YesOptionClick" time="34.962"/>
  <testcase classname="SwimPay.positiveTests.forgot_resetPassword" name="clickForgotPasswordOpt" time="4.128"/>
  <testcase classname="SwimPay.positiveTests.forgot_resetPassword" name="submitForgotPasswordEmail" time="9.652"/>
  <testcase classname="SwimPay.positiveTests.forgot_resetPassword" name="ResetPassword" time="9.625"/>
  <testcase classname="SwimPay.positiveTests.forgot_resetPassword" name="backToLoginPageFromForgotPasswordPage" time="4.121"/>
  <testcase classname="SwimPay.negativeTests.NegativeInvoicingTest" name="UploadPDFDocument" time="38.815"/>
  <testcase classname="SwimPay.negativeTests.NegativeInvoicingTest" name="UploadDOCDocument" time="38.466"/>
  <testcase classname="SwimPay.negativeTests.NegativeInvoicingTest" name="UploadCSVDocument" time="38.654"/>
  <testcase classname="SwimPay.negativeTests.NegativeInvoicingTest" name="ClickOnUpdateLogoButtonInInstructionSubmenu" time="33.623"/>
  <testcase classname="SwimPay.negativeTests.NegativeInvoicingTest" name="CreateAnInvoiceForSwimPayCustomer" time="14.776"/>
  <testcase classname="SwimPay.negativeTests.NegativeInvoicingTest" name="InsertInvalidDate" time="20.581"/>
  <testcase classname="SwimPay.negativeTests.NegativeInvoicingTest" name="CreateAnInvoiceForSwimPayCustomerwithInvalidCustomerName" time="26.575"/>
  <testcase classname="SwimPay.negativeTests.NegativeInvoicingTest" name="InsertCostAndQuantitydetails" time="67.132"/>
  <testcase classname="SwimPay.negativeTests.NegativeInvoicingTest" name="InsertNotes_Discount_Tax_details" time="82.324">
    <failure type="org.openqa.selenium.ElementClickInterceptedException" message="element click intercepted: Element &amp;lt;button class=&amp;quot;MuiButtonBase-root Mui-disabled MuiButton-root MuiLoadingButton-root MuiButton-contained MuiButton-containedPrimary MuiButton-sizeMedium MuiButton-containedSizeMedium css-16ba9x&amp;quot; tabindex=&amp;quot;-1&amp;quot; type=&amp;quot;button&amp;quot; id=&amp;quot;:rv:&amp;quot; disabled=&amp;quot;&amp;quot; style=&amp;quot;min-width: 200px;&amp;quot;&amp;gt;...&amp;lt;/button&amp;gt; is not clickable at point (1437, 672). Other element would receive the click: &amp;lt;div class=&amp;quot;d-flex justify-content-end gap-2&amp;quot;&amp;gt;...&amp;lt;/div&amp;gt;
  (Session info: chrome=124.0.6367.119)
Build info: version: &amp;apos;4.20.0&amp;apos;, revision: &amp;apos;866c76ca80&amp;apos;
System info: os.name: &amp;apos;Windows 10&amp;apos;, os.arch: &amp;apos;amd64&amp;apos;, os.version: &amp;apos;10.0&amp;apos;, java.version: &amp;apos;17.0.10&amp;apos;
Driver info: org.openqa.selenium.chrome.ChromeDriver
Command: [517c97e185e0bbdc29186907afc6eda5, clickElement {id=f.B10393C27C24E8AF5AE18EC70931F3FA.d.75023816EBF3304B3E373816C8216EA3.e.464}]
Capabilities {acceptInsecureCerts: false, browserName: chrome, browserVersion: 124.0.6367.119, chrome: {chromedriverVersion: 124.0.6367.91 (51df0e5e17a8..., userDataDir: C:\Users\pgargi\AppData\Loc...}, fedcm:accounts: true, goog:chromeOptions: {debuggerAddress: localhost:56936}, networkConnectionEnabled: false, pageLoadStrategy: normal, platformName: windows, proxy: Proxy(), se:cdp: ws://localhost:56936/devtoo..., se:cdpVersion: 124.0.6367.119, setWindowRect: true, strictFileInteractability: false, timeouts: {implicit: 0, pageLoad: 300000, script: 30000}, unhandledPromptBehavior: dismiss and notify, webauthn:extension:credBlob: true, webauthn:extension:largeBlob: true, webauthn:extension:minPinLength: true, webauthn:extension:prf: true, webauthn:virtualAuthenticators: true}
Element: [[ChromeDriver: chrome on windows (517c97e185e0bbdc29186907afc6eda5)] -&amp;gt; xpath: //*[@type=&amp;apos;button&amp;apos;]]
Session ID: 517c97e185e0bbdc29186907afc6eda5">
      <![CDATA[org.openqa.selenium.ElementClickInterceptedException: element click intercepted: Element <button class="MuiButtonBase-root Mui-disabled MuiButton-root MuiLoadingButton-root MuiButton-contained MuiButton-containedPrimary MuiButton-sizeMedium MuiButton-containedSizeMedium css-16ba9x" tabindex="-1" type="button" id=":rv:" disabled="" style="min-width: 200px;">...</button> is not clickable at point (1437, 672). Other element would receive the click: <div class="d-flex justify-content-end gap-2">...</div>
  (Session info: chrome=124.0.6367.119)
Build info: version: '4.20.0', revision: '866c76ca80'
System info: os.name: 'Windows 10', os.arch: 'amd64', os.version: '10.0', java.version: '17.0.10'
Driver info: org.openqa.selenium.chrome.ChromeDriver
Command: [517c97e185e0bbdc29186907afc6eda5, clickElement {id=f.B10393C27C24E8AF5AE18EC70931F3FA.d.75023816EBF3304B3E373816C8216EA3.e.464}]
Capabilities {acceptInsecureCerts: false, browserName: chrome, browserVersion: 124.0.6367.119, chrome: {chromedriverVersion: 124.0.6367.91 (51df0e5e17a8..., userDataDir: C:\Users\pgargi\AppData\Loc...}, fedcm:accounts: true, goog:chromeOptions: {debuggerAddress: localhost:56936}, networkConnectionEnabled: false, pageLoadStrategy: normal, platformName: windows, proxy: Proxy(), se:cdp: ws://localhost:56936/devtoo..., se:cdpVersion: 124.0.6367.119, setWindowRect: true, strictFileInteractability: false, timeouts: {implicit: 0, pageLoad: 300000, script: 30000}, unhandledPromptBehavior: dismiss and notify, webauthn:extension:credBlob: true, webauthn:extension:largeBlob: true, webauthn:extension:minPinLength: true, webauthn:extension:prf: true, webauthn:virtualAuthenticators: true}
Element: [[ChromeDriver: chrome on windows (517c97e185e0bbdc29186907afc6eda5)] -> xpath: //*[@type='button']]
Session ID: 517c97e185e0bbdc29186907afc6eda5
at org.openqa.selenium.remote.ErrorCodec.decode(ErrorCodec.java:167)
at org.openqa.selenium.remote.codec.w3c.W3CHttpResponseCodec.decode(W3CHttpResponseCodec.java:138)
at org.openqa.selenium.remote.codec.w3c.W3CHttpResponseCodec.decode(W3CHttpResponseCodec.java:50)
at org.openqa.selenium.remote.HttpCommandExecutor.execute(HttpCommandExecutor.java:190)
at org.openqa.selenium.remote.service.DriverCommandExecutor.invokeExecute(DriverCommandExecutor.java:216)
at org.openqa.selenium.remote.service.DriverCommandExecutor.execute(DriverCommandExecutor.java:174)
at org.openqa.selenium.remote.RemoteWebDriver.execute(RemoteWebDriver.java:518)
at org.openqa.selenium.remote.RemoteWebElement.execute(RemoteWebElement.java:223)
at org.openqa.selenium.remote.RemoteWebElement.click(RemoteWebElement.java:76)
at SwimPay.pageObject.InvoicingPage.ClickButton(InvoicingPage.java:107)
at SwimPay.negativeTests.NegativeInvoicingTest.InsertNotes_Discount_Tax_details(NegativeInvoicingTest.java:262)
at java.base/java.util.ArrayList.forEach(ArrayList.java:1511)
... Removed 32 stack frames]]>
    </failure>
  </testcase> <!-- InsertNotes_Discount_Tax_details -->
  <testcase classname="SwimPay.negativeTests.NegativeInvoicingTest" name="InsertInvalidDetailsAndVerifySearchBtnIsEnabled" time="30.078"/>
  <testcase classname="SwimPay.negativeTests.NegativeInvoicingTest" name="InsertInvalidDatesInFromField" time="35.933"/>
  <testcase classname="SwimPay.negativeTests.NegativeInvoicingTest" name="InsertInvalidDatesInToField" time="35.552"/>
  <testcase classname="SwimPay.positiveTests.InvoicingTest" name="ClickOnInvoicingMenu" time="7.879"/>
  <testcase classname="SwimPay.positiveTests.InvoicingTest" name="ClickOnInstructionSubmenu" time="22.818"/>
  <testcase classname="SwimPay.positiveTests.InvoicingTest" name="ViewIntructionCheckList" time="15.532"/>
  <testcase classname="SwimPay.positiveTests.InvoicingTest" name="ClickOnCancelbuttonOnInstructionSubmenu" time="26.781"/>
  <testcase classname="SwimPay.positiveTests.InvoicingTest" name="ClickOnUploadFieldInInstructionSubmenu" time="55.118"/>
  <testcase classname="SwimPay.positiveTests.InvoicingTest" name="UploadDoucmentInInstructionSubmenu" time="18.444"/>
  <testcase classname="SwimPay.positiveTests.InvoicingTest" name="ClickOnUpdateLogoButtonInInstructionSubmenu" time="74.034"/>
  <testcase classname="SwimPay.positiveTests.InvoicingTest" name="ClickOnNextButton" time="54.33"/>
  <testcase classname="SwimPay.positiveTests.InvoicingTest" name="ClickOnCreateInvoiceSubmenu" time="13.599"/>
  <testcase classname="SwimPay.positiveTests.InvoicingTest" name="InsertPurchaseOrderAndDueDate" time="20.862"/>
  <testcase classname="SwimPay.positiveTests.InvoicingTest" name="InsertExternalCompanyDetails" time="32.54"/>
  <testcase classname="SwimPay.positiveTests.InvoicingTest" name="AddAndDeleteItemFields" time="51.485"/>
  <testcase classname="SwimPay.positiveTests.InvoicingTest" name="InsertCostAndQuantitydetails" time="68.108"/>
  <testcase classname="SwimPay.positiveTests.InvoicingTest" name="InsertNotes_Discount_Tax_details" time="79.614"/>
  <testcase classname="SwimPay.positiveTests.InvoicingTest" name="InsertAllDetailsAndClickOnNextButtonInCreateInvoiceSubmenu" time="85.711"/>
  <testcase classname="SwimPay.positiveTests.InvoicingTest" name="CreateAnInvoiceForSwimPayCustomer" time="88.732"/>
  <testcase classname="SwimPay.positiveTests.InvoicingTest" name="ClickOnInvoiceListSubmenu" time="50.873"/>
  <testcase classname="SwimPay.positiveTests.InvoicingTest" name="ClickOnCreateInvoiceButton" time="13.701"/>
  <testcase classname="SwimPay.positiveTests.InvoicingTest" name="InsertAllDetailsAndClickOnSearchButton" time="35.061"/>
  <testcase classname="SwimPay.positiveTests.InvoicingTest" name="ResetFilters" time="45.637"/>
  <testcase classname="SwimPay.positiveTests.InvoicingTest" name="ClickOnPreviewButton" time="45.992"/>
  <testcase classname="SwimPay.positiveTests.InvoicingTest" name="ClickOnEditButton" time="46.081"/>
  <testcase classname="SwimPay.positiveTests.InvoicingTest" name="EditInvoiceDetails" time="28.283"/>
  <testcase classname="SwimPay.negativeTests.negativePassword" name="invalidEmailSubmit" time="3.231"/>
  <testcase classname="SwimPay.negativeTests.negativePassword" name="invalidPasswordValueRangeFormat" time="5.461"/>
  <testcase classname="SwimPay.negativeTests.negativePassword" name="misMatchNew_ConfirmPasswordValue" time="3.194"/>
  <testcase classname="SwimPay.negativeTests.negativePassword" name="wrongOTP_for_forgotPasswordEmail_Submit" time="2.623"/>
  <testcase classname="SwimPay.negativeTests.negativePassword" name="resetPassword_withWhiteSpaceData" time="3.179"/>
  <testcase classname="SwimPay.positiveTests.Search" name="clickOnSearch" time="5.892"/>
  <testcase classname="SwimPay.positiveTests.Search" name="SearchConversionByReferenceNumber" time="20.827"/>
  <testcase classname="SwimPay.positiveTests.Search" name="SearchConversionByStatus" time="10.903"/>
  <testcase classname="SwimPay.positiveTests.Search" name="resetFilter_whileNoFiltersApplied" time="9.613"/>
  <testcase classname="SwimPay.positiveTests.Search" name="applyFilers_resetFilters" time="24.129"/>
  <testcase classname="SwimPay.positiveTests.Search" name="soldFrom_ToBaughtCurrency" time="68.496"/>
  <testcase classname="SwimPay.positiveTests.Search" name="conversionData_minimumSold" time="13.483"/>
  <testcase classname="SwimPay.positiveTests.Search" name="conversionData_MaximumSold" time="13.728"/>
  <testcase classname="SwimPay.positiveTests.Search" name="conversionData_minMaxSold" time="13.035"/>
  <testcase classname="SwimPay.positiveTests.Search" name="conversion_minBaught" time="13.737"/>
  <testcase classname="SwimPay.positiveTests.Search" name="conversion_maxBaught" time="14.994"/>
  <testcase classname="SwimPay.positiveTests.Search" name="coversion_minMaxBaught" time="15.107"/>
  <testcase classname="SwimPay.positiveTests.Search" name="conversion_minMax_soldBaught" time="14.631"/>
  <testcase classname="SwimPay.positiveTests.Search" name="searchPayment" time="6.836"/>
  <testcase classname="SwimPay.positiveTests.Search" name="searchPaymentBYReferenceNumber" time="23.807"/>
  <testcase classname="SwimPay.positiveTests.Search" name="searchPaymentByDateType" time="13.016"/>
  <testcase classname="SwimPay.positiveTests.Search" name="searchPaymentByStatus" time="15.141"/>
  <testcase classname="SwimPay.positiveTests.Search" name="searchPaymentByMinAmmount" time="16.103"/>
  <testcase classname="SwimPay.positiveTests.Search" name="searchPaymentByMaxAmount" time="13.004"/>
  <testcase classname="SwimPay.positiveTests.Search" name="searchPaymentByMinMaxAmount" time="13.525"/>
  <testcase classname="SwimPay.positiveTests.Search" name="searchPaymentByCurrency" time="13.338"/>
  <testcase classname="SwimPay.positiveTests.Search" name="searchPaymentByFilters" time="13.568"/>
  <testcase classname="SwimPay.positiveTests.Search" name="searchTransactionOption" time="6.536"/>
  <testcase classname="SwimPay.positiveTests.Search" name="searchTransactionByReferecneNumber" time="18.309"/>
  <testcase classname="SwimPay.positiveTests.Search" name="searchTransactionByDateType" time="13.733"/>
  <testcase classname="SwimPay.positiveTests.Search" name="searchTransactionByStatusFilter" time="12.607"/>
  <testcase classname="SwimPay.positiveTests.Search" name="searchTransactionByMinAmount" time="20.902"/>
  <testcase classname="SwimPay.positiveTests.Search" name="searchTransactionByMaxAmount" time="15.678"/>
  <testcase classname="SwimPay.positiveTests.Search" name="searchTransactionnByMinMaxAmount" time="13.932"/>
  <testcase classname="SwimPay.positiveTests.Search" name="searchTranactionByCurrencyType" time="13.102"/>
  <testcase classname="SwimPay.positiveTests.userLogin_logout" name="userLogin" time="9.709"/>
  <testcase classname="SwimPay.positiveTests.userLogin_logout" name="userLogin_Logout" time="4.786"/>
  <testcase classname="SwimPay.positiveTests.userLogin_logout" name="backToEmailfromPasswordpage" time="9.763"/>
  <testcase classname="SwimPay.positiveTests.userLogin_logout" name="showHidePassword" time="3.518"/>
  <testcase classname="SwimPay.negativeTests.negativeLogin" name="invalidUserEmailLogin" time="1.652"/>
  <testcase classname="SwimPay.negativeTests.negativeLogin" name="invalidUserPasswordLogin" time="6.622"/>
  <testcase classname="SwimPay.negativeTests.negativeLogin" name="blankEmailSubmit" time="4.042"/>
  <testcase classname="SwimPay.negativeTests.negativeLogin" name="sensativeEmailLogin" time="6.631"/>
  <testcase classname="SwimPay.negativeTests.negativeLogin" name="invalid_OTP_userLogin" time="6.67"/>
  <testcase classname="SwimPay.negativeTests.SignUp" name="submitOnboardingAccount" time="4.992"/>
  <testcase classname="SwimPay.negativeTests.SignUp" name="submitBlankOnBoardingAccount" time="3.523"/>
  <testcase classname="SwimPay.negativeTests.SignUp" name="submitOnboarding_with_Nonformat" time="3.967"/>
  <testcase classname="SwimPay.positiveTests.Bulk_Payment" name="Bulkpaymentformenu" time="5.961"/>
  <testcase classname="SwimPay.positiveTests.Bulk_Payment" name="Referencenumber" time="21.518"/>
  <testcase classname="SwimPay.positiveTests.Bulk_Payment" name="FromDateCalendar" time="28.482"/>
  <testcase classname="SwimPay.positiveTests.Bulk_Payment" name="StatusField" time="21.909"/>
  <testcase classname="SwimPay.positiveTests.Bulk_Payment" name="PageArrowbutton" time="6.664"/>
  <testcase classname="SwimPay.positiveTests.Bulk_Payment" name="SearchButton" time="28.868"/>
  <testcase classname="SwimPay.positiveTests.Bulk_Payment" name="ExternalPayment" time="6.99"/>
  <testcase classname="SwimPay.positiveTests.Bulk_Payment" name="Amountpay" time="17.509"/>
  <testcase classname="SwimPay.positiveTests.Bulk_Payment" name="AlternativeCurrencyOpt" time="21.501"/>
  <testcase classname="SwimPay.positiveTests.Bulk_Payment" name="GetRate" time="25.499">
    <failure type="java.lang.AssertionError" message="expected [false] but found [true]">
      <![CDATA[java.lang.AssertionError: expected [false] but found [true]
at SwimPay.pageObject.BulkPaymentPage.getRate(BulkPaymentPage.java:343)
at SwimPay.positiveTests.Bulk_Payment.GetRate(Bulk_Payment.java:184)
at java.base/java.util.ArrayList.forEach(ArrayList.java:1511)
... Removed 31 stack frames]]>
    </failure>
  </testcase> <!-- GetRate -->
  <testcase classname="SwimPay.positiveTests.Bulk_Payment" name="Cancel" time="27.651">
    <failure type="java.lang.AssertionError" message="expected [false] but found [true]">
      <![CDATA[java.lang.AssertionError: expected [false] but found [true]
at SwimPay.pageObject.BulkPaymentPage.getRate(BulkPaymentPage.java:343)
at SwimPay.positiveTests.Bulk_Payment.Cancel(Bulk_Payment.java:203)
at java.base/java.util.ArrayList.forEach(ArrayList.java:1511)
... Removed 31 stack frames]]>
    </failure>
  </testcase> <!-- Cancel -->
  <testcase classname="SwimPay.positiveTests.Bulk_Payment" name="Accpect" time="25.191">
    <failure type="java.lang.AssertionError" message="expected [false] but found [true]">
      <![CDATA[java.lang.AssertionError: expected [false] but found [true]
at SwimPay.pageObject.BulkPaymentPage.getRate(BulkPaymentPage.java:343)
at SwimPay.positiveTests.Bulk_Payment.Accpect(Bulk_Payment.java:223)
at java.base/java.util.ArrayList.forEach(ArrayList.java:1511)
... Removed 31 stack frames]]>
    </failure>
  </testcase> <!-- Accpect -->
  <testcase classname="SwimPay.positiveTests.Bulk_Payment" name="mandatoryreference" time="26.573">
    <failure type="java.lang.AssertionError" message="expected [false] but found [true]">
      <![CDATA[java.lang.AssertionError: expected [false] but found [true]
at SwimPay.pageObject.BulkPaymentPage.getRate(BulkPaymentPage.java:343)
at SwimPay.positiveTests.Bulk_Payment.mandatoryreference(Bulk_Payment.java:243)
at java.base/java.util.ArrayList.forEach(ArrayList.java:1511)
... Removed 31 stack frames]]>
    </failure>
  </testcase> <!-- mandatoryreference -->
  <testcase classname="SwimPay.positiveTests.Bulk_Payment" name="ReasonCode" time="24.751">
    <failure type="java.lang.AssertionError" message="expected [false] but found [true]">
      <![CDATA[java.lang.AssertionError: expected [false] but found [true]
at SwimPay.pageObject.BulkPaymentPage.getRate(BulkPaymentPage.java:343)
at SwimPay.positiveTests.Bulk_Payment.ReasonCode(Bulk_Payment.java:263)
at java.base/java.util.ArrayList.forEach(ArrayList.java:1511)
... Removed 31 stack frames]]>
    </failure>
  </testcase> <!-- ReasonCode -->
  <testcase classname="SwimPay.positiveTests.Bulk_Payment" name="Multipay" time="24.914">
    <failure type="java.lang.AssertionError" message="expected [false] but found [true]">
      <![CDATA[java.lang.AssertionError: expected [false] but found [true]
at SwimPay.pageObject.BulkPaymentPage.getRate(BulkPaymentPage.java:343)
at SwimPay.positiveTests.Bulk_Payment.Multipay(Bulk_Payment.java:285)
at java.base/java.util.ArrayList.forEach(ArrayList.java:1511)
... Removed 31 stack frames]]>
    </failure>
  </testcase> <!-- Multipay -->
  <testcase classname="SwimPay.positiveTests.Bulk_Payment" name="MultipayAmount" time="26.092">
    <failure type="java.lang.AssertionError" message="expected [false] but found [true]">
      <![CDATA[java.lang.AssertionError: expected [false] but found [true]
at SwimPay.pageObject.BulkPaymentPage.getRate(BulkPaymentPage.java:343)
at SwimPay.positiveTests.Bulk_Payment.MultipayAmount(Bulk_Payment.java:307)
at java.base/java.util.ArrayList.forEach(ArrayList.java:1511)
... Removed 31 stack frames]]>
    </failure>
  </testcase> <!-- MultipayAmount -->
  <testcase classname="SwimPay.positiveTests.Bulk_Payment" name="PaynowCalncel" time="25.132">
    <failure type="java.lang.AssertionError" message="expected [false] but found [true]">
      <![CDATA[java.lang.AssertionError: expected [false] but found [true]
at SwimPay.pageObject.BulkPaymentPage.getRate(BulkPaymentPage.java:343)
at SwimPay.positiveTests.Bulk_Payment.PaynowCalncel(Bulk_Payment.java:340)
at java.base/java.util.ArrayList.forEach(ArrayList.java:1511)
... Removed 31 stack frames]]>
    </failure>
  </testcase> <!-- PaynowCalncel -->
  <testcase classname="SwimPay.positiveTests.Bulk_Payment" name="PaynowVerify" time="24.989">
    <failure type="java.lang.AssertionError" message="expected [false] but found [true]">
      <![CDATA[java.lang.AssertionError: expected [false] but found [true]
at SwimPay.pageObject.BulkPaymentPage.getRate(BulkPaymentPage.java:343)
at SwimPay.positiveTests.Bulk_Payment.PaynowVerify(Bulk_Payment.java:364)
at java.base/java.util.ArrayList.forEach(ArrayList.java:1511)
... Removed 31 stack frames]]>
    </failure>
  </testcase> <!-- PaynowVerify -->
  <testcase classname="SwimPay.positiveTests.Bulk_Payment" name="PayLetter" time="28.778">
    <failure type="java.lang.AssertionError" message="expected [false] but found [true]">
      <![CDATA[java.lang.AssertionError: expected [false] but found [true]
at SwimPay.pageObject.BulkPaymentPage.getRate(BulkPaymentPage.java:343)
at SwimPay.positiveTests.Bulk_Payment.PayLetter(Bulk_Payment.java:388)
at java.base/java.util.ArrayList.forEach(ArrayList.java:1511)
... Removed 31 stack frames]]>
    </failure>
  </testcase> <!-- PayLetter -->
  <testcase classname="SwimPay.positiveTests.Bulk_Payment" name="Pay" time="26.8">
    <failure type="java.lang.AssertionError" message="expected [false] but found [true]">
      <![CDATA[java.lang.AssertionError: expected [false] but found [true]
at SwimPay.pageObject.BulkPaymentPage.getRate(BulkPaymentPage.java:343)
at SwimPay.positiveTests.Bulk_Payment.Pay(Bulk_Payment.java:412)
at java.base/java.util.ArrayList.forEach(ArrayList.java:1511)
... Removed 31 stack frames]]>
    </failure>
  </testcase> <!-- Pay -->
  <testcase classname="SwimPay.positiveTests.Bulk_Payment" name="cancelbutton" time="13.274"/>
  <testcase classname="SwimPay.positiveTests.Bulk_Payment" name="WalletToWalletPayment" time="9.94"/>
  <testcase classname="SwimPay.positiveTests.Bulk_Payment" name="Paymentcurrency" time="12.339"/>
  <testcase classname="SwimPay.positiveTests.Bulk_Payment" name="AmountPay" time="17.481"/>
  <testcase classname="SwimPay.positiveTests.Bulk_Payment" name="Mandatoryreference" time="17.683"/>
  <testcase classname="SwimPay.positiveTests.Bulk_Payment" name="referenceCode" time="17.381"/>
  <testcase classname="SwimPay.positiveTests.Bulk_Payment" name="PayIn" time="20.348"/>
  <testcase classname="SwimPay.positiveTests.Bulk_Payment" name="PayInCalcelbutton" time="21.483"/>
  <testcase classname="SwimPay.positiveTests.Bulk_Payment" name="PayLaterButton1" time="23.395"/>
  <testcase classname="SwimPay.positiveTests.Bulk_Payment" name="Cancelbutton" time="17.689"/>
  <testcase classname="SwimPay.negativeTests.negativeBulkPayment" name="InvalidReferencenumber" time="13.243"/>
  <testcase classname="SwimPay.negativeTests.negativeBulkPayment" name="PopUpMesaageCancle" time="27.491"/>
  <testcase classname="SwimPay.negativeTests.negativeBulkPayment" name="MultiPay" time="28.389"/>
  <testcase classname="SwimPay.positiveTests.fxConversion" name="clickOnSearch" time="7.868"/>
  <testcase classname="SwimPay.positiveTests.fxConversion" name="fxConversionCancelProcess_FromCurrency_Amountsection" time="6.987"/>
  <testcase classname="SwimPay.positiveTests.fxConversion" name="submitCurrency_AccountDetails" time="18.436"/>
  <testcase classname="SwimPay.positiveTests.fxConversion" name="fxConversionCancelProcess_FromCurrency_Amountsection_whenDataProvided" time="15.562"/>
  <testcase classname="SwimPay.positiveTests.fxConversion" name="fxConversionconvert" time="26.146"/>
  <testcase classname="SwimPay.positiveTests.fxConversion" name="fxConversionCancelProcess_fromQuoteSection" time="20.586"/>
  <testcase classname="SwimPay.positiveTests.fxConversion" name="fxConversionByAmountToBuy" time="29.166"/>
  <testcase classname="SwimPay.positiveTests.fxConversion" name="fxConversionByAmountToSell" time="28.174"/>
  <testcase classname="SwimPay.positiveTests.fxConversion" name="fxConversionCancelProcess_fromOTPStep" time="21.055"/>
  <testcase classname="SwimPay.positiveTests.fxConversion" name="fxConversionBackBtnClick_fromQuoteSection" time="20.508"/>
  <testcase classname="SwimPay.positiveTests.fxConversion" name="fxConversion_clickRequoteOpt" time="40.314"/>
  <testcase classname="SwimPay.positiveTests.fxConversion" name="fxConversion_clickMakePaymentOpt" time="26.314"/>
  <testcase classname="SwimPay.positiveTests.fxConversion" name="fxConversion_clickPayLaterOpt" time="28.081"/>
  <testcase classname="SwimPay.positiveTests.fxConversion" name="fxConversion_clickMakeAnotherconversionOpt" time="30.428"/>
  <testcase classname="SwimPay.positiveTests.fxConversion" name="fxConversion_clickViewDashboardOpt" time="31.028"/>
  <testcase classname="SwimPay.positiveTests.fxConversion" name="fxConversionPayOutOption" time="8.366"/>
  <testcase classname="SwimPay.positiveTests.fxConversion" name="SellCurrecy" time="11.395"/>
  <testcase classname="SwimPay.positiveTests.fxConversion" name="BuyCurrecy" time="14.283"/>
  <testcase classname="SwimPay.positiveTests.fxConversion" name="AmountToselectBuyoption" time="12.652"/>
  <testcase classname="SwimPay.positiveTests.fxConversion" name="WriteAmount" time="11.932"/>
  <testcase classname="SwimPay.positiveTests.fxConversion" name="Get_a_Quote" time="15.476"/>
  <testcase classname="SwimPay.positiveTests.fxConversion" name="CancelButton" time="13.999"/>
  <testcase classname="SwimPay.positiveTests.fxConversion" name="fxConversionByAmountBuy" time="21.181"/>
  <testcase classname="SwimPay.positiveTests.fxConversion" name="fxConversionBackBtnClick_fromQuote" time="16.803"/>
  <testcase classname="SwimPay.positiveTests.fxConversion" name="PayoutRequoteOpt" time="32.083"/>
  <testcase classname="SwimPay.positiveTests.fxConversion" name="PayOutclickMakePaymentOpt" time="23.934"/>
  <testcase classname="SwimPay.positiveTests.fxConversion" name="PayOutclickPayLaterOpt" time="26.916"/>
  <testcase classname="SwimPay.positiveTests.fxConversion" name="PayOutclickMakeAnotherconversionOpt" time="24.968"/>
  <testcase classname="SwimPay.positiveTests.fxConversion" name="fxConversionPayOut_clickViewDashboardOpt" time="22.256"/>
  <testcase classname="SwimPay.negativeTests.negativeFXconversion" name="submitCurrencies_AmountWith_Amount0" time="15.434"/>
  <testcase classname="SwimPay.negativeTests.negativeFXconversion" name="submitFXConversion_curriencyAmount_bySameCurrencyOpt" time="18.73"/>
  <testcase classname="SwimPay.negativeTests.negativeFXconversion" name="submitFxConversionByInvalidOTPSubmit" time="23.08"/>
  <testcase classname="SwimPay.negativeTests.negativeFXconversion" name="fxConversionWithoutSelectingTermsCheckbox" time="22.249"/>
  <testcase classname="SwimPay.negativeTests.negativeFXconversion" name="submitCurrencies_AmountWith_Amount" time="7.899"/>
  <testcase classname="SwimPay.negativeTests.negativeFXconversion" name="submitCurrencies_Amout_Enter_InvalidData" time="13.459"/>
  <testcase classname="SwimPay.negativeTests.negativeFXconversion" name="FX_Convresion_BuyOrSell_SameCurrency" time="12.568"/>
  <testcase classname="SwimPay.negativeTests.negativeFXconversion" name="FX_Convresion_Invalid_OTP" time="22.689"/>
  <testcase classname="SwimPay.negativeTests.negativeFXconversion" name="WithOut_select_checkbox" time="16.57"/>
  <testcase classname="SwimPay.negativeTests.negativeProfile" name="profileUpdateByInvalidPasswordFormat" time="7.433"/>
  <testcase classname="SwimPay.negativeTests.negativeProfile" name="profileChangePasswordBy_providingWrongOldPassword" time="8.448"/>
  <testcase classname="SwimPay.negativeTests.negativeProfile" name="profileChangePasswordByMis_MatchPasswordValues" time="7.802"/>
  <testcase classname="SwimPay.positiveTests.profile" name="profileOptClick" time="8.235"/>
  <testcase classname="SwimPay.positiveTests.profile" name="profile_updateContactInfoClick" time="8.314"/>
</testsuite> <!-- Test -->
