<?xml version="1.0" encoding="UTF-8"?>
<!-- Generated by org.testng.reporters.JUnitXMLReporter -->
<testsuite ignored="0" hostname="C102" failures="0" tests="7" name="Test" time="264.395" errors="0" timestamp="2024-05-15T10:34:08 IST">
  <testcase classname="SwimPay.positiveTests.FailSkipTC" name="resetPassword_withWhiteSpaceData" time="4.901"/>
  <testcase classname="SwimPay.positiveTests.FailSkipTC" name="balPayin_RequestCSVFile" time="39.062"/>
  <testcase classname="SwimPay.positiveTests.FailSkipTC" name="balPayin_completedTransactionsByDate" time="31.263"/>
  <testcase classname="SwimPay.positiveTests.FailSkipTC" name="cancelbutton" time="17.186"/>
  <testcase classname="SwimPay.positiveTests.FailSkipTC" name="click_Paybtn_Fillup_bank_Details_and_Submitbtn_click" time="23.986"/>
  <testcase classname="SwimPay.positiveTests.FailSkipTC" name="Click_Editbtn_for_payments_pay" time="18.548"/>
  <testcase classname="SwimPay.positiveTests.FailSkipTC" name="Click_Deletebtn_for_payments_pay" time="13.709"/>
</testsuite> <!-- Test -->
