<?xml version="1.0" encoding="UTF-8"?>
<!-- Generated by org.testng.reporters.JUnitXMLReporter -->
<testsuite ignored="0" hostname="C100-96s-iMac.local" failures="0" tests="5" name="Positive Test cases" time="313.285" errors="0" timestamp="2023-09-25T18:00:51 IST">
  <testcase classname="swimGDSAutomation.PositiveTC.ManageVoyageTest" name="ClickOnManageVoyageMenu" time="22.027"/>
  <testcase classname="swimGDSAutomation.PositiveTC.ManageVoyageTest" name="ClickOnListVoyageSubmenu" time="23.435"/>
  <testcase classname="swimGDSAutomation.PositiveTC.ManageVoyageTest" name="ClickOnCancelVoyageSubmenu" time="20.935"/>
  <testcase classname="swimGDSAutomation.PositiveTC.ManageVoyageTest" name="ClickOnChangeVoyageDateSubmenu" time="22.0"/>
  <testcase classname="swimGDSAutomation.PositiveTC.ManageVoyageTest" name="ClickOnChangeOfVesselSubmenu" time="27.502"/>
</testsuite> <!-- Positive Test cases -->
