<?xml version="1.0" encoding="UTF-8"?>
<testng-results ignored="32" total="33" passed="1" failed="0" skipped="0">
  <reporter-output>
  </reporter-output>
  <suite started-at="2023-10-19T18:04:28 IST" name="Default suite" finished-at="2023-10-19T18:06:41 IST" duration-ms="133250">
    <groups>
    </groups>
    <test started-at="2023-10-19T18:04:28 IST" name="Default test" finished-at="2023-10-19T18:06:41 IST" duration-ms="133250">
      <class name="swimGDSAutomation.PositiveTC.StandardDocumentsTest">
        <test-method is-config="true" signature="lanuchWebsite()[pri:0, instance:swimGDSAutomation.PositiveTC.StandardDocumentsTest@6c1a5b54]" started-at="2023-10-19T18:04:28 IST" name="lanuchWebsite" finished-at="2023-10-19T18:05:33 IST" duration-ms="65617" status="PASS">
          <reporter-output>
          </reporter-output>
        </test-method> <!-- lanuchWebsite -->
        <test-method signature="ClickOnEyeIconInForwardingInstructionsFormTab()[pri:39, instance:swimGDSAutomation.PositiveTC.StandardDocumentsTest@6c1a5b54]" started-at="2023-10-19T18:05:33 IST" name="ClickOnEyeIconInForwardingInstructionsFormTab" finished-at="2023-10-19T18:06:41 IST" duration-ms="67481" status="PASS">
          <reporter-output>
          </reporter-output>
        </test-method> <!-- ClickOnEyeIconInForwardingInstructionsFormTab -->
        <test-method is-config="true" signature="tearDown()[pri:0, instance:swimGDSAutomation.PositiveTC.StandardDocumentsTest@6c1a5b54]" started-at="2023-10-19T18:06:41 IST" name="tearDown" finished-at="2023-10-19T18:06:41 IST" duration-ms="14" status="PASS">
          <reporter-output>
          </reporter-output>
        </test-method> <!-- tearDown -->
      </class> <!-- swimGDSAutomation.PositiveTC.StandardDocumentsTest -->
    </test> <!-- Default test -->
  </suite> <!-- Default suite -->
</testng-results>
