<?xml version="1.0" encoding="UTF-8"?>
<testng-results ignored="7" total="8" passed="1" failed="0" skipped="0">
  <reporter-output>
  </reporter-output>
  <suite started-at="2023-08-22T18:38:24 IST" name="Default suite" finished-at="2023-08-22T18:40:04 IST" duration-ms="100660">
    <groups>
    </groups>
    <test started-at="2023-08-22T18:38:24 IST" name="Default test" finished-at="2023-08-22T18:40:04 IST" duration-ms="100660">
      <class name="swimGDSAutomation.PositiveTC.ForgetPasswordTest">
        <test-method is-config="true" signature="lanuchWebsite()[pri:0, instance:swimGDSAutomation.PositiveTC.ForgetPasswordTest@4d5650ae]" started-at="2023-08-22T18:38:24 IST" name="lanuchWebsite" finished-at="2023-08-22T18:39:38 IST" duration-ms="74586" status="PASS">
          <reporter-output>
          </reporter-output>
        </test-method> <!-- lanuchWebsite -->
        <test-method signature="Verify_ClickOnSubmitButton()[pri:6, instance:swimGDSAutomation.PositiveTC.ForgetPasswordTest@4d5650ae]" started-at="2023-08-22T18:39:38 IST" name="Verify_ClickOnSubmitButton" finished-at="2023-08-22T18:40:04 IST" duration-ms="26002" status="PASS">
          <reporter-output>
          </reporter-output>
        </test-method> <!-- Verify_ClickOnSubmitButton -->
        <test-method is-config="true" signature="tearDown()[pri:0, instance:swimGDSAutomation.PositiveTC.ForgetPasswordTest@4d5650ae]" started-at="2023-08-22T18:40:04 IST" name="tearDown" finished-at="2023-08-22T18:40:04 IST" duration-ms="6" status="PASS">
          <reporter-output>
          </reporter-output>
        </test-method> <!-- tearDown -->
      </class> <!-- swimGDSAutomation.PositiveTC.ForgetPasswordTest -->
    </test> <!-- Default test -->
  </suite> <!-- Default suite -->
</testng-results>
