<?xml version="1.0" encoding="UTF-8"?>
<!-- Generated by org.testng.reporters.JUnitXMLReporter -->
<testsuite ignored="0" hostname="C100-96s-iMac.local" failures="0" tests="5" name="Positive test cases" time="285.42" errors="0" timestamp="2023-08-30T14:54:28 IST">
  <testcase classname="swimGDSAutomation.PositiveTC.SwimGDSRulesTest" name="ClickOnEditBankInfo" time="21.798"/>
  <testcase classname="swimGDSAutomation.PositiveTC.SwimGDSRulesTest" name="PrintDocument_displayed" time="19.599"/>
  <testcase classname="swimGDSAutomation.PositiveTC.SwimGDSRulesTest" name="ClickOnPrintDocument" time="20.772"/>
  <testcase classname="swimGDSAutomation.PositiveTC.SwimGDSRulesTest" name="Downloaddocument_displayed" time="19.376"/>
  <testcase classname="swimGDSAutomation.PositiveTC.SwimGDSRulesTest" name="ClickOnDownloaddocument" time="21.422"/>
</testsuite> <!-- Positive test cases -->
