<?xml version="1.0" encoding="UTF-8"?>
<!-- Generated by org.testng.reporters.JUnitXMLReporter -->
<testsuite ignored="0" hostname="C100-96s-iMac.local" failures="1" tests="8" name="Negative Test cases" time="346.739" errors="0" timestamp="2023-10-11T13:00:47 IST">
  <testcase classname="swimGDSAutomation.NegativeTC.NegativeManageBCNTest" name="EnterTheCharacterInStartingAndEndingNumberField" time="11.603">
    <failure type="java.lang.AssertionError" message="Submit button is enabled expected [true] but found [false]">
      <![CDATA[java.lang.AssertionError: Submit button is enabled expected [true] but found [false]
at swimGDSAutomation.NegativeTC.NegativeManageBCNTest.EnterTheCharacterInStartingAndEndingNumberField(NegativeManageBCNTest.java:41)
at java.base/java.util.ArrayList.forEach(ArrayList.java:1511)
... Removed 30 stack frames]]>
    </failure>
  </testcase> <!-- EnterTheCharacterInStartingAndEndingNumberField -->
  <testcase classname="swimGDSAutomation.NegativeTC.NegativeManageBCNTest" name="EnterTheSpecialCharacterInStartingAndEndingNumberField" time="11.618"/>
  <testcase classname="swimGDSAutomation.NegativeTC.NegativeManageBCNTest" name="WithoutInsertingNumbersInField_ClickOnSubmitButton" time="11.849"/>
  <testcase classname="swimGDSAutomation.NegativeTC.NegativeManageBCNTest" name="InsertOnlyStartingNumber_AndClickOnSubmitButton" time="11.537"/>
  <testcase classname="swimGDSAutomation.NegativeTC.NegativeManageBCNTest" name="InsertOnlyEndingNumber_AndClickOnSubmitButton" time="11.498"/>
  <testcase classname="swimGDSAutomation.NegativeTC.NegativeManageBCNTest" name="EnterIdenticalNumberInBothFields_AndClickOnSubmitButton" time="14.501"/>
  <testcase classname="swimGDSAutomation.NegativeTC.NegativeManageBCNTest" name="EnterNegativeValuesInStartingAndEndingNumberField" time="11.913"/>
  <testcase classname="swimGDSAutomation.NegativeTC.NegativeManageBCNTest" name="EnterMaximumNumbersInField_AndClickOnSubmitButton" time="14.813"/>
</testsuite> <!-- Negative Test cases -->
